<?xml version="1.0" encoding="UTF-8"?>
<testsuite xmlns:xsi="http://www.w3.org/2001/XMLSchema-instance" xsi:noNamespaceSchemaLocation="https://maven.apache.org/surefire/maven-surefire-plugin/xsd/surefire-test-report.xsd" name="com.nordigy.testrestapi.RestApiTests" time="27.831" tests="23" errors="0" skipped="0" failures="6">
  <properties>
    <property name="gopherProxySet" value="false"/>
    <property name="awt.toolkit" value="sun.lwawt.macosx.LWCToolkit"/>
    <property name="java.specification.version" value="11"/>
    <property name="sun.cpu.isalist" value=""/>
    <property name="sun.jnu.encoding" value="UTF-8"/>
    <property name="java.class.path" value="/Users/lada/Documents/Dins test/target/test-classes:/Users/lada/Documents/Dins test/target/classes:/Users/lada/.m2/repository/org/springframework/boot/spring-boot-starter/2.3.1.RELEASE/spring-boot-starter-2.3.1.RELEASE.jar:/Users/lada/.m2/repository/org/springframework/boot/spring-boot/2.3.1.RELEASE/spring-boot-2.3.1.RELEASE.jar:/Users/lada/.m2/repository/org/springframework/spring-context/5.2.7.RELEASE/spring-context-5.2.7.RELEASE.jar:/Users/lada/.m2/repository/org/springframework/boot/spring-boot-starter-logging/2.3.1.RELEASE/spring-boot-starter-logging-2.3.1.RELEASE.jar:/Users/lada/.m2/repository/ch/qos/logback/logback-classic/1.2.3/logback-classic-1.2.3.jar:/Users/lada/.m2/repository/ch/qos/logback/logback-core/1.2.3/logback-core-1.2.3.jar:/Users/lada/.m2/repository/org/apache/logging/log4j/log4j-to-slf4j/2.13.3/log4j-to-slf4j-2.13.3.jar:/Users/lada/.m2/repository/org/apache/logging/log4j/log4j-api/2.13.3/log4j-api-2.13.3.jar:/Users/lada/.m2/repository/org/slf4j/jul-to-slf4j/1.7.30/jul-to-slf4j-1.7.30.jar:/Users/lada/.m2/repository/jakarta/annotation/jakarta.annotation-api/1.3.5/jakarta.annotation-api-1.3.5.jar:/Users/lada/.m2/repository/org/springframework/spring-core/5.2.7.RELEASE/spring-core-5.2.7.RELEASE.jar:/Users/lada/.m2/repository/org/springframework/spring-jcl/5.2.7.RELEASE/spring-jcl-5.2.7.RELEASE.jar:/Users/lada/.m2/repository/org/yaml/snakeyaml/1.26/snakeyaml-1.26.jar:/Users/lada/.m2/repository/org/springframework/boot/spring-boot-starter-web/2.3.1.RELEASE/spring-boot-starter-web-2.3.1.RELEASE.jar:/Users/lada/.m2/repository/org/springframework/boot/spring-boot-starter-json/2.3.1.RELEASE/spring-boot-starter-json-2.3.1.RELEASE.jar:/Users/lada/.m2/repository/com/fasterxml/jackson/datatype/jackson-datatype-jdk8/2.11.0/jackson-datatype-jdk8-2.11.0.jar:/Users/lada/.m2/repository/com/fasterxml/jackson/module/jackson-module-parameter-names/2.11.0/jackson-module-parameter-names-2.11.0.jar:/Users/lada/.m2/repository/org/springframework/boot/spring-boot-starter-tomcat/2.3.1.RELEASE/spring-boot-starter-tomcat-2.3.1.RELEASE.jar:/Users/lada/.m2/repository/org/apache/tomcat/embed/tomcat-embed-core/9.0.36/tomcat-embed-core-9.0.36.jar:/Users/lada/.m2/repository/org/apache/tomcat/embed/tomcat-embed-websocket/9.0.36/tomcat-embed-websocket-9.0.36.jar:/Users/lada/.m2/repository/org/springframework/spring-web/5.2.7.RELEASE/spring-web-5.2.7.RELEASE.jar:/Users/lada/.m2/repository/org/springframework/spring-beans/5.2.7.RELEASE/spring-beans-5.2.7.RELEASE.jar:/Users/lada/.m2/repository/org/springframework/spring-webmvc/5.2.7.RELEASE/spring-webmvc-5.2.7.RELEASE.jar:/Users/lada/.m2/repository/org/springframework/spring-aop/5.2.7.RELEASE/spring-aop-5.2.7.RELEASE.jar:/Users/lada/.m2/repository/org/springframework/spring-expression/5.2.7.RELEASE/spring-expression-5.2.7.RELEASE.jar:/Users/lada/.m2/repository/org/springframework/boot/spring-boot-starter-data-rest/2.3.1.RELEASE/spring-boot-starter-data-rest-2.3.1.RELEASE.jar:/Users/lada/.m2/repository/org/springframework/data/spring-data-rest-webmvc/3.3.1.RELEASE/spring-data-rest-webmvc-3.3.1.RELEASE.jar:/Users/lada/.m2/repository/org/springframework/data/spring-data-rest-core/3.3.1.RELEASE/spring-data-rest-core-3.3.1.RELEASE.jar:/Users/lada/.m2/repository/org/atteo/evo-inflector/1.2.2/evo-inflector-1.2.2.jar:/Users/lada/.m2/repository/org/springframework/boot/spring-boot-starter-data-jpa/2.3.1.RELEASE/spring-boot-starter-data-jpa-2.3.1.RELEASE.jar:/Users/lada/.m2/repository/org/springframework/boot/spring-boot-starter-aop/2.3.1.RELEASE/spring-boot-starter-aop-2.3.1.RELEASE.jar:/Users/lada/.m2/repository/org/aspectj/aspectjweaver/1.9.5/aspectjweaver-1.9.5.jar:/Users/lada/.m2/repository/org/springframework/boot/spring-boot-starter-jdbc/2.3.1.RELEASE/spring-boot-starter-jdbc-2.3.1.RELEASE.jar:/Users/lada/.m2/repository/com/zaxxer/HikariCP/3.4.5/HikariCP-3.4.5.jar:/Users/lada/.m2/repository/org/springframework/spring-jdbc/5.2.7.RELEASE/spring-jdbc-5.2.7.RELEASE.jar:/Users/lada/.m2/repository/jakarta/transaction/jakarta.transaction-api/1.3.3/jakarta.transaction-api-1.3.3.jar:/Users/lada/.m2/repository/jakarta/persistence/jakarta.persistence-api/2.2.3/jakarta.persistence-api-2.2.3.jar:/Users/lada/.m2/repository/org/hibernate/hibernate-core/5.4.17.Final/hibernate-core-5.4.17.Final.jar:/Users/lada/.m2/repository/org/jboss/logging/jboss-logging/3.4.1.Final/jboss-logging-3.4.1.Final.jar:/Users/lada/.m2/repository/org/javassist/javassist/3.24.0-GA/javassist-3.24.0-GA.jar:/Users/lada/.m2/repository/net/bytebuddy/byte-buddy/1.10.11/byte-buddy-1.10.11.jar:/Users/lada/.m2/repository/antlr/antlr/2.7.7/antlr-2.7.7.jar:/Users/lada/.m2/repository/org/jboss/jandex/2.1.3.Final/jandex-2.1.3.Final.jar:/Users/lada/.m2/repository/org/dom4j/dom4j/2.1.3/dom4j-2.1.3.jar:/Users/lada/.m2/repository/org/hibernate/common/hibernate-commons-annotations/5.1.0.Final/hibernate-commons-annotations-5.1.0.Final.jar:/Users/lada/.m2/repository/org/glassfish/jaxb/jaxb-runtime/2.3.3/jaxb-runtime-2.3.3.jar:/Users/lada/.m2/repository/org/glassfish/jaxb/txw2/2.3.3/txw2-2.3.3.jar:/Users/lada/.m2/repository/com/sun/istack/istack-commons-runtime/3.0.11/istack-commons-runtime-3.0.11.jar:/Users/lada/.m2/repository/com/sun/activation/jakarta.activation/1.2.2/jakarta.activation-1.2.2.jar:/Users/lada/.m2/repository/org/springframework/data/spring-data-jpa/2.3.1.RELEASE/spring-data-jpa-2.3.1.RELEASE.jar:/Users/lada/.m2/repository/org/springframework/data/spring-data-commons/2.3.1.RELEASE/spring-data-commons-2.3.1.RELEASE.jar:/Users/lada/.m2/repository/org/springframework/spring-orm/5.2.7.RELEASE/spring-orm-5.2.7.RELEASE.jar:/Users/lada/.m2/repository/org/springframework/spring-tx/5.2.7.RELEASE/spring-tx-5.2.7.RELEASE.jar:/Users/lada/.m2/repository/org/springframework/spring-aspects/5.2.7.RELEASE/spring-aspects-5.2.7.RELEASE.jar:/Users/lada/.m2/repository/org/springframework/boot/spring-boot-autoconfigure/2.3.1.RELEASE/spring-boot-autoconfigure-2.3.1.RELEASE.jar:/Users/lada/.m2/repository/org/springframework/boot/spring-boot-starter-test/2.3.1.RELEASE/spring-boot-starter-test-2.3.1.RELEASE.jar:/Users/lada/.m2/repository/org/springframework/boot/spring-boot-test/2.3.1.RELEASE/spring-boot-test-2.3.1.RELEASE.jar:/Users/lada/.m2/repository/org/springframework/boot/spring-boot-test-autoconfigure/2.3.1.RELEASE/spring-boot-test-autoconfigure-2.3.1.RELEASE.jar:/Users/lada/.m2/repository/com/jayway/jsonpath/json-path/2.4.0/json-path-2.4.0.jar:/Users/lada/.m2/repository/net/minidev/json-smart/2.3/json-smart-2.3.jar:/Users/lada/.m2/repository/net/minidev/accessors-smart/1.2/accessors-smart-1.2.jar:/Users/lada/.m2/repository/org/ow2/asm/asm/5.0.4/asm-5.0.4.jar:/Users/lada/.m2/repository/jakarta/xml/bind/jakarta.xml.bind-api/2.3.3/jakarta.xml.bind-api-2.3.3.jar:/Users/lada/.m2/repository/jakarta/activation/jakarta.activation-api/1.2.2/jakarta.activation-api-1.2.2.jar:/Users/lada/.m2/repository/org/assertj/assertj-core/3.16.1/assertj-core-3.16.1.jar:/Users/lada/.m2/repository/org/junit/jupiter/junit-jupiter/5.6.2/junit-jupiter-5.6.2.jar:/Users/lada/.m2/repository/org/junit/jupiter/junit-jupiter-api/5.6.2/junit-jupiter-api-5.6.2.jar:/Users/lada/.m2/repository/org/opentest4j/opentest4j/1.2.0/opentest4j-1.2.0.jar:/Users/lada/.m2/repository/org/junit/platform/junit-platform-commons/1.6.2/junit-platform-commons-1.6.2.jar:/Users/lada/.m2/repository/org/junit/jupiter/junit-jupiter-params/5.6.2/junit-jupiter-params-5.6.2.jar:/Users/lada/.m2/repository/org/junit/jupiter/junit-jupiter-engine/5.6.2/junit-jupiter-engine-5.6.2.jar:/Users/lada/.m2/repository/org/junit/vintage/junit-vintage-engine/5.6.2/junit-vintage-engine-5.6.2.jar:/Users/lada/.m2/repository/org/apiguardian/apiguardian-api/1.1.0/apiguardian-api-1.1.0.jar:/Users/lada/.m2/repository/org/junit/platform/junit-platform-engine/1.6.2/junit-platform-engine-1.6.2.jar:/Users/lada/.m2/repository/junit/junit/4.13/junit-4.13.jar:/Users/lada/.m2/repository/org/mockito/mockito-core/3.3.3/mockito-core-3.3.3.jar:/Users/lada/.m2/repository/net/bytebuddy/byte-buddy-agent/1.10.11/byte-buddy-agent-1.10.11.jar:/Users/lada/.m2/repository/org/objenesis/objenesis/2.6/objenesis-2.6.jar:/Users/lada/.m2/repository/org/mockito/mockito-junit-jupiter/3.3.3/mockito-junit-jupiter-3.3.3.jar:/Users/lada/.m2/repository/org/skyscreamer/jsonassert/1.5.0/jsonassert-1.5.0.jar:/Users/lada/.m2/repository/com/vaadin/external/google/android-json/0.0.20131108.vaadin1/android-json-0.0.20131108.vaadin1.jar:/Users/lada/.m2/repository/org/springframework/spring-test/5.2.7.RELEASE/spring-test-5.2.7.RELEASE.jar:/Users/lada/.m2/repository/org/xmlunit/xmlunit-core/2.7.0/xmlunit-core-2.7.0.jar:/Users/lada/.m2/repository/org/springframework/boot/spring-boot-starter-validation/2.3.1.RELEASE/spring-boot-starter-validation-2.3.1.RELEASE.jar:/Users/lada/.m2/repository/org/glassfish/jakarta.el/3.0.3/jakarta.el-3.0.3.jar:/Users/lada/.m2/repository/org/hibernate/validator/hibernate-validator/6.1.5.Final/hibernate-validator-6.1.5.Final.jar:/Users/lada/.m2/repository/jakarta/validation/jakarta.validation-api/2.0.2/jakarta.validation-api-2.0.2.jar:/Users/lada/.m2/repository/com/h2database/h2/1.4.200/h2-1.4.200.jar:/Users/lada/.m2/repository/com/querydsl/querydsl-apt/4.3.1/querydsl-apt-4.3.1.jar:/Users/lada/.m2/repository/com/querydsl/querydsl-codegen/4.3.1/querydsl-codegen-4.3.1.jar:/Users/lada/.m2/repository/com/mysema/codegen/codegen/0.6.8/codegen-0.6.8.jar:/Users/lada/.m2/repository/org/eclipse/jdt/core/compiler/ecj/4.3.1/ecj-4.3.1.jar:/Users/lada/.m2/repository/org/reflections/reflections/0.9.9/reflections-0.9.9.jar:/Users/lada/.m2/repository/com/google/code/findbugs/annotations/2.0.1/annotations-2.0.1.jar:/Users/lada/.m2/repository/com/querydsl/querydsl-jpa/4.3.1/querydsl-jpa-4.3.1.jar:/Users/lada/.m2/repository/com/querydsl/querydsl-core/4.3.1/querydsl-core-4.3.1.jar:/Users/lada/.m2/repository/com/google/guava/guava/18.0/guava-18.0.jar:/Users/lada/.m2/repository/com/google/code/findbugs/jsr305/1.3.9/jsr305-1.3.9.jar:/Users/lada/.m2/repository/com/mysema/commons/mysema-commons-lang/0.2.4/mysema-commons-lang-0.2.4.jar:/Users/lada/.m2/repository/com/infradna/tool/bridge-method-annotation/1.13/bridge-method-annotation-1.13.jar:/Users/lada/.m2/repository/javax/inject/javax.inject/1/javax.inject-1.jar:/Users/lada/.m2/repository/org/slf4j/slf4j-api/1.7.30/slf4j-api-1.7.30.jar:/Users/lada/.m2/repository/org/xerial/sqlite-jdbc/3.31.1/sqlite-jdbc-3.31.1.jar:/Users/lada/.m2/repository/org/projectlombok/lombok/1.18.12/lombok-1.18.12.jar:/Users/lada/.m2/repository/org/apache/commons/commons-lang3/3.10/commons-lang3-3.10.jar:/Users/lada/.m2/repository/com/fasterxml/jackson/datatype/jackson-datatype-jsr310/2.11.0/jackson-datatype-jsr310-2.11.0.jar:/Users/lada/.m2/repository/com/fasterxml/jackson/core/jackson-annotations/2.11.0/jackson-annotations-2.11.0.jar:/Users/lada/.m2/repository/com/fasterxml/jackson/core/jackson-core/2.11.0/jackson-core-2.11.0.jar:/Users/lada/.m2/repository/com/fasterxml/jackson/core/jackson-databind/2.11.0/jackson-databind-2.11.0.jar:/Users/lada/.m2/repository/io/springfox/springfox-swagger2/2.10.0/springfox-swagger2-2.10.0.jar:/Users/lada/.m2/repository/io/swagger/swagger-annotations/1.5.20/swagger-annotations-1.5.20.jar:/Users/lada/.m2/repository/io/swagger/swagger-models/1.5.20/swagger-models-1.5.20.jar:/Users/lada/.m2/repository/io/springfox/springfox-spi/2.10.0/springfox-spi-2.10.0.jar:/Users/lada/.m2/repository/io/springfox/springfox-core/2.10.0/springfox-core-2.10.0.jar:/Users/lada/.m2/repository/io/springfox/springfox-schema/2.10.0/springfox-schema-2.10.0.jar:/Users/lada/.m2/repository/io/springfox/springfox-swagger-common/2.10.0/springfox-swagger-common-2.10.0.jar:/Users/lada/.m2/repository/io/springfox/springfox-spring-web/2.10.0/springfox-spring-web-2.10.0.jar:/Users/lada/.m2/repository/io/github/classgraph/classgraph/4.1.7/classgraph-4.1.7.jar:/Users/lada/.m2/repository/com/fasterxml/classmate/1.5.1/classmate-1.5.1.jar:/Users/lada/.m2/repository/org/springframework/plugin/spring-plugin-core/2.0.0.RELEASE/spring-plugin-core-2.0.0.RELEASE.jar:/Users/lada/.m2/repository/org/springframework/plugin/spring-plugin-metadata/2.0.0.RELEASE/spring-plugin-metadata-2.0.0.RELEASE.jar:/Users/lada/.m2/repository/org/mapstruct/mapstruct/1.3.1.Final/mapstruct-1.3.1.Final.jar:/Users/lada/.m2/repository/io/springfox/springfox-data-rest/2.10.0/springfox-data-rest-2.10.0.jar:/Users/lada/.m2/repository/io/springfox/springfox-spring-webmvc/2.10.0/springfox-spring-webmvc-2.10.0.jar:/Users/lada/.m2/repository/org/springframework/hateoas/spring-hateoas/1.1.0.RELEASE/spring-hateoas-1.1.0.RELEASE.jar:/Users/lada/.m2/repository/io/springfox/springfox-swagger-ui/2.10.0/springfox-swagger-ui-2.10.0.jar:/Users/lada/.m2/repository/io/springfox/springfox-bean-validators/2.10.0/springfox-bean-validators-2.10.0.jar:/Users/lada/.m2/repository/io/rest-assured/rest-assured/4.2.0/rest-assured-4.2.0.jar:/Users/lada/.m2/repository/org/codehaus/groovy/groovy/2.5.12/groovy-2.5.12.jar:/Users/lada/.m2/repository/org/codehaus/groovy/groovy-xml/2.5.12/groovy-xml-2.5.12.jar:/Users/lada/.m2/repository/org/apache/httpcomponents/httpclient/4.5.12/httpclient-4.5.12.jar:/Users/lada/.m2/repository/org/apache/httpcomponents/httpcore/4.4.13/httpcore-4.4.13.jar:/Users/lada/.m2/repository/commons-codec/commons-codec/1.14/commons-codec-1.14.jar:/Users/lada/.m2/repository/org/apache/httpcomponents/httpmime/4.5.12/httpmime-4.5.12.jar:/Users/lada/.m2/repository/org/ccil/cowan/tagsoup/tagsoup/1.2.1/tagsoup-1.2.1.jar:/Users/lada/.m2/repository/io/rest-assured/json-path/4.2.0/json-path-4.2.0.jar:/Users/lada/.m2/repository/org/codehaus/groovy/groovy-json/2.5.12/groovy-json-2.5.12.jar:/Users/lada/.m2/repository/io/rest-assured/xml-path/4.2.0/xml-path-4.2.0.jar:/Users/lada/.m2/repository/com/sun/xml/bind/jaxb-osgi/2.3.0.1/jaxb-osgi-2.3.0.1.jar:/Users/lada/.m2/repository/org/apache/sling/org.apache.sling.javax.activation/0.1.0/org.apache.sling.javax.activation-0.1.0.jar:/Users/lada/.m2/repository/javax/activation/activation/1.1.1/activation-1.1.1.jar:/Users/lada/.m2/repository/io/rest-assured/rest-assured-common/4.2.0/rest-assured-common-4.2.0.jar:/Users/lada/.m2/repository/org/hamcrest/hamcrest-library/2.2/hamcrest-library-2.2.jar:/Users/lada/.m2/repository/org/hamcrest/hamcrest-core/2.2/hamcrest-core-2.2.jar:/Users/lada/.m2/repository/org/hamcrest/hamcrest/2.2/hamcrest-2.2.jar:"/>
    <property name="java.vm.vendor" value="AdoptOpenJDK"/>
    <property name="sun.arch.data.model" value="64"/>
    <property name="java.vendor.url" value="https://adoptopenjdk.net/"/>
    <property name="user.timezone" value=""/>
    <property name="java.vm.specification.version" value="11"/>
    <property name="os.name" value="Mac OS X"/>
    <property name="sun.java.launcher" value="SUN_STANDARD"/>
    <property name="user.country" value="RU"/>
    <property name="sun.boot.library.path" value="/Library/Java/JavaVirtualMachines/adoptopenjdk-11.jdk/Contents/Home/lib"/>
    <property name="sun.java.command" value="/Users/lada/Documents/Dins test/target/surefire/surefirebooter3807498798773359049.jar /Users/lada/Documents/Dins test/target/surefire 2020-08-05T13-51-55_228-jvmRun1 surefire17557113017390693892tmp surefire_07691362316891712290tmp"/>
    <property name="http.nonProxyHosts" value="local|*.local|169.254/16|*.169.254/16"/>
    <property name="jdk.debug" value="release"/>
    <property name="surefire.test.class.path" value="/Users/lada/Documents/Dins test/target/test-classes:/Users/lada/Documents/Dins test/target/classes:/Users/lada/.m2/repository/org/springframework/boot/spring-boot-starter/2.3.1.RELEASE/spring-boot-starter-2.3.1.RELEASE.jar:/Users/lada/.m2/repository/org/springframework/boot/spring-boot/2.3.1.RELEASE/spring-boot-2.3.1.RELEASE.jar:/Users/lada/.m2/repository/org/springframework/spring-context/5.2.7.RELEASE/spring-context-5.2.7.RELEASE.jar:/Users/lada/.m2/repository/org/springframework/boot/spring-boot-starter-logging/2.3.1.RELEASE/spring-boot-starter-logging-2.3.1.RELEASE.jar:/Users/lada/.m2/repository/ch/qos/logback/logback-classic/1.2.3/logback-classic-1.2.3.jar:/Users/lada/.m2/repository/ch/qos/logback/logback-core/1.2.3/logback-core-1.2.3.jar:/Users/lada/.m2/repository/org/apache/logging/log4j/log4j-to-slf4j/2.13.3/log4j-to-slf4j-2.13.3.jar:/Users/lada/.m2/repository/org/apache/logging/log4j/log4j-api/2.13.3/log4j-api-2.13.3.jar:/Users/lada/.m2/repository/org/slf4j/jul-to-slf4j/1.7.30/jul-to-slf4j-1.7.30.jar:/Users/lada/.m2/repository/jakarta/annotation/jakarta.annotation-api/1.3.5/jakarta.annotation-api-1.3.5.jar:/Users/lada/.m2/repository/org/springframework/spring-core/5.2.7.RELEASE/spring-core-5.2.7.RELEASE.jar:/Users/lada/.m2/repository/org/springframework/spring-jcl/5.2.7.RELEASE/spring-jcl-5.2.7.RELEASE.jar:/Users/lada/.m2/repository/org/yaml/snakeyaml/1.26/snakeyaml-1.26.jar:/Users/lada/.m2/repository/org/springframework/boot/spring-boot-starter-web/2.3.1.RELEASE/spring-boot-starter-web-2.3.1.RELEASE.jar:/Users/lada/.m2/repository/org/springframework/boot/spring-boot-starter-json/2.3.1.RELEASE/spring-boot-starter-json-2.3.1.RELEASE.jar:/Users/lada/.m2/repository/com/fasterxml/jackson/datatype/jackson-datatype-jdk8/2.11.0/jackson-datatype-jdk8-2.11.0.jar:/Users/lada/.m2/repository/com/fasterxml/jackson/module/jackson-module-parameter-names/2.11.0/jackson-module-parameter-names-2.11.0.jar:/Users/lada/.m2/repository/org/springframework/boot/spring-boot-starter-tomcat/2.3.1.RELEASE/spring-boot-starter-tomcat-2.3.1.RELEASE.jar:/Users/lada/.m2/repository/org/apache/tomcat/embed/tomcat-embed-core/9.0.36/tomcat-embed-core-9.0.36.jar:/Users/lada/.m2/repository/org/apache/tomcat/embed/tomcat-embed-websocket/9.0.36/tomcat-embed-websocket-9.0.36.jar:/Users/lada/.m2/repository/org/springframework/spring-web/5.2.7.RELEASE/spring-web-5.2.7.RELEASE.jar:/Users/lada/.m2/repository/org/springframework/spring-beans/5.2.7.RELEASE/spring-beans-5.2.7.RELEASE.jar:/Users/lada/.m2/repository/org/springframework/spring-webmvc/5.2.7.RELEASE/spring-webmvc-5.2.7.RELEASE.jar:/Users/lada/.m2/repository/org/springframework/spring-aop/5.2.7.RELEASE/spring-aop-5.2.7.RELEASE.jar:/Users/lada/.m2/repository/org/springframework/spring-expression/5.2.7.RELEASE/spring-expression-5.2.7.RELEASE.jar:/Users/lada/.m2/repository/org/springframework/boot/spring-boot-starter-data-rest/2.3.1.RELEASE/spring-boot-starter-data-rest-2.3.1.RELEASE.jar:/Users/lada/.m2/repository/org/springframework/data/spring-data-rest-webmvc/3.3.1.RELEASE/spring-data-rest-webmvc-3.3.1.RELEASE.jar:/Users/lada/.m2/repository/org/springframework/data/spring-data-rest-core/3.3.1.RELEASE/spring-data-rest-core-3.3.1.RELEASE.jar:/Users/lada/.m2/repository/org/atteo/evo-inflector/1.2.2/evo-inflector-1.2.2.jar:/Users/lada/.m2/repository/org/springframework/boot/spring-boot-starter-data-jpa/2.3.1.RELEASE/spring-boot-starter-data-jpa-2.3.1.RELEASE.jar:/Users/lada/.m2/repository/org/springframework/boot/spring-boot-starter-aop/2.3.1.RELEASE/spring-boot-starter-aop-2.3.1.RELEASE.jar:/Users/lada/.m2/repository/org/aspectj/aspectjweaver/1.9.5/aspectjweaver-1.9.5.jar:/Users/lada/.m2/repository/org/springframework/boot/spring-boot-starter-jdbc/2.3.1.RELEASE/spring-boot-starter-jdbc-2.3.1.RELEASE.jar:/Users/lada/.m2/repository/com/zaxxer/HikariCP/3.4.5/HikariCP-3.4.5.jar:/Users/lada/.m2/repository/org/springframework/spring-jdbc/5.2.7.RELEASE/spring-jdbc-5.2.7.RELEASE.jar:/Users/lada/.m2/repository/jakarta/transaction/jakarta.transaction-api/1.3.3/jakarta.transaction-api-1.3.3.jar:/Users/lada/.m2/repository/jakarta/persistence/jakarta.persistence-api/2.2.3/jakarta.persistence-api-2.2.3.jar:/Users/lada/.m2/repository/org/hibernate/hibernate-core/5.4.17.Final/hibernate-core-5.4.17.Final.jar:/Users/lada/.m2/repository/org/jboss/logging/jboss-logging/3.4.1.Final/jboss-logging-3.4.1.Final.jar:/Users/lada/.m2/repository/org/javassist/javassist/3.24.0-GA/javassist-3.24.0-GA.jar:/Users/lada/.m2/repository/net/bytebuddy/byte-buddy/1.10.11/byte-buddy-1.10.11.jar:/Users/lada/.m2/repository/antlr/antlr/2.7.7/antlr-2.7.7.jar:/Users/lada/.m2/repository/org/jboss/jandex/2.1.3.Final/jandex-2.1.3.Final.jar:/Users/lada/.m2/repository/org/dom4j/dom4j/2.1.3/dom4j-2.1.3.jar:/Users/lada/.m2/repository/org/hibernate/common/hibernate-commons-annotations/5.1.0.Final/hibernate-commons-annotations-5.1.0.Final.jar:/Users/lada/.m2/repository/org/glassfish/jaxb/jaxb-runtime/2.3.3/jaxb-runtime-2.3.3.jar:/Users/lada/.m2/repository/org/glassfish/jaxb/txw2/2.3.3/txw2-2.3.3.jar:/Users/lada/.m2/repository/com/sun/istack/istack-commons-runtime/3.0.11/istack-commons-runtime-3.0.11.jar:/Users/lada/.m2/repository/com/sun/activation/jakarta.activation/1.2.2/jakarta.activation-1.2.2.jar:/Users/lada/.m2/repository/org/springframework/data/spring-data-jpa/2.3.1.RELEASE/spring-data-jpa-2.3.1.RELEASE.jar:/Users/lada/.m2/repository/org/springframework/data/spring-data-commons/2.3.1.RELEASE/spring-data-commons-2.3.1.RELEASE.jar:/Users/lada/.m2/repository/org/springframework/spring-orm/5.2.7.RELEASE/spring-orm-5.2.7.RELEASE.jar:/Users/lada/.m2/repository/org/springframework/spring-tx/5.2.7.RELEASE/spring-tx-5.2.7.RELEASE.jar:/Users/lada/.m2/repository/org/springframework/spring-aspects/5.2.7.RELEASE/spring-aspects-5.2.7.RELEASE.jar:/Users/lada/.m2/repository/org/springframework/boot/spring-boot-autoconfigure/2.3.1.RELEASE/spring-boot-autoconfigure-2.3.1.RELEASE.jar:/Users/lada/.m2/repository/org/springframework/boot/spring-boot-starter-test/2.3.1.RELEASE/spring-boot-starter-test-2.3.1.RELEASE.jar:/Users/lada/.m2/repository/org/springframework/boot/spring-boot-test/2.3.1.RELEASE/spring-boot-test-2.3.1.RELEASE.jar:/Users/lada/.m2/repository/org/springframework/boot/spring-boot-test-autoconfigure/2.3.1.RELEASE/spring-boot-test-autoconfigure-2.3.1.RELEASE.jar:/Users/lada/.m2/repository/com/jayway/jsonpath/json-path/2.4.0/json-path-2.4.0.jar:/Users/lada/.m2/repository/net/minidev/json-smart/2.3/json-smart-2.3.jar:/Users/lada/.m2/repository/net/minidev/accessors-smart/1.2/accessors-smart-1.2.jar:/Users/lada/.m2/repository/org/ow2/asm/asm/5.0.4/asm-5.0.4.jar:/Users/lada/.m2/repository/jakarta/xml/bind/jakarta.xml.bind-api/2.3.3/jakarta.xml.bind-api-2.3.3.jar:/Users/lada/.m2/repository/jakarta/activation/jakarta.activation-api/1.2.2/jakarta.activation-api-1.2.2.jar:/Users/lada/.m2/repository/org/assertj/assertj-core/3.16.1/assertj-core-3.16.1.jar:/Users/lada/.m2/repository/org/junit/jupiter/junit-jupiter/5.6.2/junit-jupiter-5.6.2.jar:/Users/lada/.m2/repository/org/junit/jupiter/junit-jupiter-api/5.6.2/junit-jupiter-api-5.6.2.jar:/Users/lada/.m2/repository/org/opentest4j/opentest4j/1.2.0/opentest4j-1.2.0.jar:/Users/lada/.m2/repository/org/junit/platform/junit-platform-commons/1.6.2/junit-platform-commons-1.6.2.jar:/Users/lada/.m2/repository/org/junit/jupiter/junit-jupiter-params/5.6.2/junit-jupiter-params-5.6.2.jar:/Users/lada/.m2/repository/org/junit/jupiter/junit-jupiter-engine/5.6.2/junit-jupiter-engine-5.6.2.jar:/Users/lada/.m2/repository/org/junit/vintage/junit-vintage-engine/5.6.2/junit-vintage-engine-5.6.2.jar:/Users/lada/.m2/repository/org/apiguardian/apiguardian-api/1.1.0/apiguardian-api-1.1.0.jar:/Users/lada/.m2/repository/org/junit/platform/junit-platform-engine/1.6.2/junit-platform-engine-1.6.2.jar:/Users/lada/.m2/repository/junit/junit/4.13/junit-4.13.jar:/Users/lada/.m2/repository/org/mockito/mockito-core/3.3.3/mockito-core-3.3.3.jar:/Users/lada/.m2/repository/net/bytebuddy/byte-buddy-agent/1.10.11/byte-buddy-agent-1.10.11.jar:/Users/lada/.m2/repository/org/objenesis/objenesis/2.6/objenesis-2.6.jar:/Users/lada/.m2/repository/org/mockito/mockito-junit-jupiter/3.3.3/mockito-junit-jupiter-3.3.3.jar:/Users/lada/.m2/repository/org/skyscreamer/jsonassert/1.5.0/jsonassert-1.5.0.jar:/Users/lada/.m2/repository/com/vaadin/external/google/android-json/0.0.20131108.vaadin1/android-json-0.0.20131108.vaadin1.jar:/Users/lada/.m2/repository/org/springframework/spring-test/5.2.7.RELEASE/spring-test-5.2.7.RELEASE.jar:/Users/lada/.m2/repository/org/xmlunit/xmlunit-core/2.7.0/xmlunit-core-2.7.0.jar:/Users/lada/.m2/repository/org/springframework/boot/spring-boot-starter-validation/2.3.1.RELEASE/spring-boot-starter-validation-2.3.1.RELEASE.jar:/Users/lada/.m2/repository/org/glassfish/jakarta.el/3.0.3/jakarta.el-3.0.3.jar:/Users/lada/.m2/repository/org/hibernate/validator/hibernate-validator/6.1.5.Final/hibernate-validator-6.1.5.Final.jar:/Users/lada/.m2/repository/jakarta/validation/jakarta.validation-api/2.0.2/jakarta.validation-api-2.0.2.jar:/Users/lada/.m2/repository/com/h2database/h2/1.4.200/h2-1.4.200.jar:/Users/lada/.m2/repository/com/querydsl/querydsl-apt/4.3.1/querydsl-apt-4.3.1.jar:/Users/lada/.m2/repository/com/querydsl/querydsl-codegen/4.3.1/querydsl-codegen-4.3.1.jar:/Users/lada/.m2/repository/com/mysema/codegen/codegen/0.6.8/codegen-0.6.8.jar:/Users/lada/.m2/repository/org/eclipse/jdt/core/compiler/ecj/4.3.1/ecj-4.3.1.jar:/Users/lada/.m2/repository/org/reflections/reflections/0.9.9/reflections-0.9.9.jar:/Users/lada/.m2/repository/com/google/code/findbugs/annotations/2.0.1/annotations-2.0.1.jar:/Users/lada/.m2/repository/com/querydsl/querydsl-jpa/4.3.1/querydsl-jpa-4.3.1.jar:/Users/lada/.m2/repository/com/querydsl/querydsl-core/4.3.1/querydsl-core-4.3.1.jar:/Users/lada/.m2/repository/com/google/guava/guava/18.0/guava-18.0.jar:/Users/lada/.m2/repository/com/google/code/findbugs/jsr305/1.3.9/jsr305-1.3.9.jar:/Users/lada/.m2/repository/com/mysema/commons/mysema-commons-lang/0.2.4/mysema-commons-lang-0.2.4.jar:/Users/lada/.m2/repository/com/infradna/tool/bridge-method-annotation/1.13/bridge-method-annotation-1.13.jar:/Users/lada/.m2/repository/javax/inject/javax.inject/1/javax.inject-1.jar:/Users/lada/.m2/repository/org/slf4j/slf4j-api/1.7.30/slf4j-api-1.7.30.jar:/Users/lada/.m2/repository/org/xerial/sqlite-jdbc/3.31.1/sqlite-jdbc-3.31.1.jar:/Users/lada/.m2/repository/org/projectlombok/lombok/1.18.12/lombok-1.18.12.jar:/Users/lada/.m2/repository/org/apache/commons/commons-lang3/3.10/commons-lang3-3.10.jar:/Users/lada/.m2/repository/com/fasterxml/jackson/datatype/jackson-datatype-jsr310/2.11.0/jackson-datatype-jsr310-2.11.0.jar:/Users/lada/.m2/repository/com/fasterxml/jackson/core/jackson-annotations/2.11.0/jackson-annotations-2.11.0.jar:/Users/lada/.m2/repository/com/fasterxml/jackson/core/jackson-core/2.11.0/jackson-core-2.11.0.jar:/Users/lada/.m2/repository/com/fasterxml/jackson/core/jackson-databind/2.11.0/jackson-databind-2.11.0.jar:/Users/lada/.m2/repository/io/springfox/springfox-swagger2/2.10.0/springfox-swagger2-2.10.0.jar:/Users/lada/.m2/repository/io/swagger/swagger-annotations/1.5.20/swagger-annotations-1.5.20.jar:/Users/lada/.m2/repository/io/swagger/swagger-models/1.5.20/swagger-models-1.5.20.jar:/Users/lada/.m2/repository/io/springfox/springfox-spi/2.10.0/springfox-spi-2.10.0.jar:/Users/lada/.m2/repository/io/springfox/springfox-core/2.10.0/springfox-core-2.10.0.jar:/Users/lada/.m2/repository/io/springfox/springfox-schema/2.10.0/springfox-schema-2.10.0.jar:/Users/lada/.m2/repository/io/springfox/springfox-swagger-common/2.10.0/springfox-swagger-common-2.10.0.jar:/Users/lada/.m2/repository/io/springfox/springfox-spring-web/2.10.0/springfox-spring-web-2.10.0.jar:/Users/lada/.m2/repository/io/github/classgraph/classgraph/4.1.7/classgraph-4.1.7.jar:/Users/lada/.m2/repository/com/fasterxml/classmate/1.5.1/classmate-1.5.1.jar:/Users/lada/.m2/repository/org/springframework/plugin/spring-plugin-core/2.0.0.RELEASE/spring-plugin-core-2.0.0.RELEASE.jar:/Users/lada/.m2/repository/org/springframework/plugin/spring-plugin-metadata/2.0.0.RELEASE/spring-plugin-metadata-2.0.0.RELEASE.jar:/Users/lada/.m2/repository/org/mapstruct/mapstruct/1.3.1.Final/mapstruct-1.3.1.Final.jar:/Users/lada/.m2/repository/io/springfox/springfox-data-rest/2.10.0/springfox-data-rest-2.10.0.jar:/Users/lada/.m2/repository/io/springfox/springfox-spring-webmvc/2.10.0/springfox-spring-webmvc-2.10.0.jar:/Users/lada/.m2/repository/org/springframework/hateoas/spring-hateoas/1.1.0.RELEASE/spring-hateoas-1.1.0.RELEASE.jar:/Users/lada/.m2/repository/io/springfox/springfox-swagger-ui/2.10.0/springfox-swagger-ui-2.10.0.jar:/Users/lada/.m2/repository/io/springfox/springfox-bean-validators/2.10.0/springfox-bean-validators-2.10.0.jar:/Users/lada/.m2/repository/io/rest-assured/rest-assured/4.2.0/rest-assured-4.2.0.jar:/Users/lada/.m2/repository/org/codehaus/groovy/groovy/2.5.12/groovy-2.5.12.jar:/Users/lada/.m2/repository/org/codehaus/groovy/groovy-xml/2.5.12/groovy-xml-2.5.12.jar:/Users/lada/.m2/repository/org/apache/httpcomponents/httpclient/4.5.12/httpclient-4.5.12.jar:/Users/lada/.m2/repository/org/apache/httpcomponents/httpcore/4.4.13/httpcore-4.4.13.jar:/Users/lada/.m2/repository/commons-codec/commons-codec/1.14/commons-codec-1.14.jar:/Users/lada/.m2/repository/org/apache/httpcomponents/httpmime/4.5.12/httpmime-4.5.12.jar:/Users/lada/.m2/repository/org/ccil/cowan/tagsoup/tagsoup/1.2.1/tagsoup-1.2.1.jar:/Users/lada/.m2/repository/io/rest-assured/json-path/4.2.0/json-path-4.2.0.jar:/Users/lada/.m2/repository/org/codehaus/groovy/groovy-json/2.5.12/groovy-json-2.5.12.jar:/Users/lada/.m2/repository/io/rest-assured/xml-path/4.2.0/xml-path-4.2.0.jar:/Users/lada/.m2/repository/com/sun/xml/bind/jaxb-osgi/2.3.0.1/jaxb-osgi-2.3.0.1.jar:/Users/lada/.m2/repository/org/apache/sling/org.apache.sling.javax.activation/0.1.0/org.apache.sling.javax.activation-0.1.0.jar:/Users/lada/.m2/repository/javax/activation/activation/1.1.1/activation-1.1.1.jar:/Users/lada/.m2/repository/io/rest-assured/rest-assured-common/4.2.0/rest-assured-common-4.2.0.jar:/Users/lada/.m2/repository/org/hamcrest/hamcrest-library/2.2/hamcrest-library-2.2.jar:/Users/lada/.m2/repository/org/hamcrest/hamcrest-core/2.2/hamcrest-core-2.2.jar:/Users/lada/.m2/repository/org/hamcrest/hamcrest/2.2/hamcrest-2.2.jar:"/>
    <property name="sun.cpu.endian" value="little"/>
    <property name="user.home" value="/Users/lada"/>
    <property name="user.language" value="ru"/>
    <property name="java.specification.vendor" value="Oracle Corporation"/>
    <property name="java.version.date" value="2020-01-14"/>
    <property name="java.home" value="/Library/Java/JavaVirtualMachines/adoptopenjdk-11.jdk/Contents/Home"/>
    <property name="file.separator" value="/"/>
    <property name="basedir" value="/Users/lada/Documents/Dins test"/>
    <property name="java.vm.compressedOopsMode" value="Zero based"/>
    <property name="line.separator" value="&#10;"/>
    <property name="java.specification.name" value="Java Platform API Specification"/>
    <property name="java.vm.specification.vendor" value="Oracle Corporation"/>
    <property name="java.awt.graphicsenv" value="sun.awt.CGraphicsEnvironment"/>
    <property name="surefire.real.class.path" value="/Users/lada/Documents/Dins test/target/surefire/surefirebooter3807498798773359049.jar"/>
    <property name="sun.management.compiler" value="HotSpot 64-Bit Tiered Compilers"/>
    <property name="ftp.nonProxyHosts" value="local|*.local|169.254/16|*.169.254/16"/>
    <property name="java.runtime.version" value="11.0.6+10"/>
    <property name="user.name" value="lada"/>
    <property name="path.separator" value=":"/>
    <property name="os.version" value="10.13.6"/>
    <property name="java.runtime.name" value="OpenJDK Runtime Environment"/>
    <property name="file.encoding" value="UTF-8"/>
    <property name="java.vm.name" value="OpenJDK 64-Bit Server VM"/>
    <property name="java.vendor.version" value="AdoptOpenJDK"/>
    <property name="localRepository" value="/Users/lada/.m2/repository"/>
    <property name="java.vendor.url.bug" value="https://github.com/AdoptOpenJDK/openjdk-support/issues"/>
    <property name="java.io.tmpdir" value="/var/folders/qz/bcwstd313j353z9fcjh7r6d00000gn/T/"/>
    <property name="java.version" value="11.0.6"/>
    <property name="user.dir" value="/Users/lada/Documents/Dins test"/>
    <property name="os.arch" value="x86_64"/>
    <property name="java.vm.specification.name" value="Java Virtual Machine Specification"/>
    <property name="java.awt.printerjob" value="sun.lwawt.macosx.CPrinterJob"/>
    <property name="sun.os.patch.level" value="unknown"/>
    <property name="idea.version2019.3.4" value="true"/>
    <property name="java.library.path" value="/Users/lada/Library/Java/Extensions:/Library/Java/Extensions:/Network/Library/Java/Extensions:/System/Library/Java/Extensions:/usr/lib/java:."/>
    <property name="java.vendor" value="AdoptOpenJDK"/>
    <property name="java.vm.info" value="mixed mode"/>
    <property name="java.vm.version" value="11.0.6+10"/>
    <property name="sun.io.unicode.encoding" value="UnicodeBig"/>
    <property name="java.class.version" value="55.0"/>
    <property name="socksNonProxyHosts" value="local|*.local|169.254/16|*.169.254/16"/>
  </properties>
  <testcase name="shouldDeleteExistingUser" classname="com.nordigy.testrestapi.RestApiTests$DeleteMethodTests" time="3.354"/>
  <testcase name="shouldDoNothingWhenDeleteNotExistingUser" classname="com.nordigy.testrestapi.RestApiTests$DeleteMethodTests" time="0.053"/>
  <testcase name="shouldPatchNewInfoToExistingUser" classname="com.nordigy.testrestapi.RestApiTests$PatchMethodTests" time="0.998"/>
  <testcase name="shouldNotPatchNewInfoToNotExistingUser" classname="com.nordigy.testrestapi.RestApiTests$PatchMethodTests" time="0.049"/>
  <testcase name="shouldPutNewInfoToExistingUser" classname="com.nordigy.testrestapi.RestApiTests$PutMethodTests" time="0.071"/>
  <testcase name="shouldNotPutNewInfoToExistingUserWhenSomeFieldsEmpty" classname="com.nordigy.testrestapi.RestApiTests$PutMethodTests" time="0.181"/>
  <testcase name="shouldCreateNewUserWhenPutInfoToNotExistingUser" classname="com.nordigy.testrestapi.RestApiTests$PutMethodTests" time="0.058"/>
  <testcase name="shouldNotCreateNewUserWhenSurname31Symbols" classname="com.nordigy.testrestapi.RestApiTests$PostMethodTests" time="0.11">
    <failure message="1 expectation failed.&#10;JSON path subErrors.get(0).message doesn&apos;t match.&#10;Expected: is &quot;размер должен находиться в диапазоне от 2 до 30&quot;&#10;  Actual: размер должен находиться в диапазоне от 2 до 15&#10;" type="java.lang.AssertionError">java.lang.AssertionError: 
1 expectation failed.
JSON path subErrors.get(0).message doesn't match.
Expected: is "размер должен находиться в диапазоне от 2 до 30"
  Actual: размер должен находиться в диапазоне от 2 до 15

	at com.nordigy.testrestapi.RestApiTests$PostMethodTests.shouldNotCreateNewUserWhenSurname31Symbols(RestApiTests.java:272)
</failure>
    <system-out><![CDATA[2020-08-05 13:52:25.549  INFO 97454 --- [           main] o.s.t.c.s.DefaultTestContextBootstrapper : Neither @ContextConfiguration nor @ContextHierarchy found for test class [com.nordigy.testrestapi.RestApiTests$PostMethodTests], using DelegatingSmartContextLoader
2020-08-05 13:52:25.550  INFO 97454 --- [           main] o.s.t.c.support.AbstractContextLoader    : Could not detect default resource locations for test class [com.nordigy.testrestapi.RestApiTests$PostMethodTests]: no resource found for suffixes {-context.xml, Context.groovy}.
2020-08-05 13:52:25.550  INFO 97454 --- [           main] t.c.s.AnnotationConfigContextLoaderUtils : Could not detect default configuration classes for test class [com.nordigy.testrestapi.RestApiTests$PostMethodTests]: PostMethodTests does not declare any static, non-private, non-final, nested classes annotated with @Configuration.
2020-08-05 13:52:25.552  INFO 97454 --- [           main] o.s.t.c.s.DefaultTestContextBootstrapper : Loaded default TestExecutionListener class names from location [META-INF/spring.factories]: [org.springframework.boot.test.mock.mockito.MockitoTestExecutionListener, org.springframework.boot.test.mock.mockito.ResetMocksTestExecutionListener, org.springframework.boot.test.autoconfigure.restdocs.RestDocsTestExecutionListener, org.springframework.boot.test.autoconfigure.web.client.MockRestServiceServerResetTestExecutionListener, org.springframework.boot.test.autoconfigure.web.servlet.MockMvcPrintOnlyOnFailureTestExecutionListener, org.springframework.boot.test.autoconfigure.web.servlet.WebDriverTestExecutionListener, org.springframework.boot.test.autoconfigure.webservices.client.MockWebServiceServerTestExecutionListener, org.springframework.test.context.web.ServletTestExecutionListener, org.springframework.test.context.support.DirtiesContextBeforeModesTestExecutionListener, org.springframework.test.context.support.DependencyInjectionTestExecutionListener, org.springframework.test.context.support.DirtiesContextTestExecutionListener, org.springframework.test.context.transaction.TransactionalTestExecutionListener, org.springframework.test.context.jdbc.SqlScriptsTestExecutionListener, org.springframework.test.context.event.EventPublishingTestExecutionListener]
2020-08-05 13:52:25.552  INFO 97454 --- [           main] o.s.t.c.s.DefaultTestContextBootstrapper : Using TestExecutionListeners: [org.springframework.test.context.web.ServletTestExecutionListener@71669835, org.springframework.test.context.support.DirtiesContextBeforeModesTestExecutionListener@727d937a, org.springframework.boot.test.mock.mockito.MockitoTestExecutionListener@130901fd, org.springframework.test.context.support.DependencyInjectionTestExecutionListener@659f5f32, org.springframework.test.context.support.DirtiesContextTestExecutionListener@20fdd484, org.springframework.test.context.transaction.TransactionalTestExecutionListener@3e0575a2, org.springframework.test.context.jdbc.SqlScriptsTestExecutionListener@65589d76, org.springframework.test.context.event.EventPublishingTestExecutionListener@7a213820, org.springframework.boot.test.mock.mockito.ResetMocksTestExecutionListener@34b69a14, org.springframework.boot.test.autoconfigure.restdocs.RestDocsTestExecutionListener@210b4145, org.springframework.boot.test.autoconfigure.web.client.MockRestServiceServerResetTestExecutionListener@19cb3f, org.springframework.boot.test.autoconfigure.web.servlet.MockMvcPrintOnlyOnFailureTestExecutionListener@738a1324, org.springframework.boot.test.autoconfigure.web.servlet.WebDriverTestExecutionListener@73ec417b, org.springframework.boot.test.autoconfigure.webservices.client.MockWebServiceServerTestExecutionListener@816272a]
Request method:	POST
Request URI:	http://localhost:54436/api/users
Proxy:			<none>
Request params:	<none>
Query params:	<none>
Form params:	<none>
Path params:	<none>
Headers:		Accept=*/*
				Content-Type=application/json; charset=UTF-8
Cookies:		<none>
Multiparts:		<none>
Body:
{
    "firstName": "Ivan",
    "lastName": "Киселёв-ЛопатинКиселёв-Лопатины",
    "dayOfBirth": "2000-01-01",
    "email": "alyona@asdas.ru"
}
HTTP/1.1 400 
Vary: Origin
Vary: Access-Control-Request-Method
Vary: Access-Control-Request-Headers
Content-Type: application/json
Transfer-Encoding: chunked
Date: Wed, 05 Aug 2020 10:52:25 GMT
Connection: close

{
    "status": "BAD_REQUEST",
    "timestamp": "05-08-2020 01:52:25",
    "message": "Validation failed",
    "debugMessage": null,
    "subErrors": [
        {
            "object": "User",
            "field": "lastName",
            "rejectedValue": "Киселёв-ЛопатинКиселёв-Лопатины",
            "message": "размер должен находиться в диапазоне от 2 до 15"
        }
    ]
}
]]></system-out>
  </testcase>
  <testcase name="shouldNotCreateNewUserWhenDateInvalidFormat" classname="com.nordigy.testrestapi.RestApiTests$PostMethodTests" time="0.086"/>
  <testcase name="shouldCreateNewUserWhenName15SymbolsSurname30Symbols" classname="com.nordigy.testrestapi.RestApiTests$PostMethodTests" time="0.053">
    <failure message="1 expectation failed.&#10;Expected status code &lt;201&gt; but was &lt;400&gt;.&#10;" type="java.lang.AssertionError"><![CDATA[java.lang.AssertionError: 
1 expectation failed.
Expected status code <201> but was <400>.

	at com.nordigy.testrestapi.RestApiTests$PostMethodTests.shouldCreateNewUserWhenName15SymbolsSurname30Symbols(RestApiTests.java:193)
]]></failure>
    <system-out><![CDATA[Request method:	POST
Request URI:	http://localhost:54436/api/users
Proxy:			<none>
Request params:	<none>
Query params:	<none>
Form params:	<none>
Path params:	<none>
Headers:		Accept=*/*
				Content-Type=application/json; charset=UTF-8
Cookies:		<none>
Multiparts:		<none>
Body:
{
    "firstName": "Алёна-Генриэтта",
    "lastName": "Алёна-ГенриэттаАлёна-Генриэтта",
    "dayOfBirth": "2000-01-01",
    "email": "tgkdl@asdas.ru"
}
HTTP/1.1 400 
Vary: Origin
Vary: Access-Control-Request-Method
Vary: Access-Control-Request-Headers
Content-Type: application/json
Transfer-Encoding: chunked
Date: Wed, 05 Aug 2020 10:52:25 GMT
Connection: close

{
    "status": "BAD_REQUEST",
    "timestamp": "05-08-2020 01:52:25",
    "message": "Validation failed",
    "debugMessage": null,
    "subErrors": [
        {
            "object": "User",
            "field": "lastName",
            "rejectedValue": "Алёна-ГенриэттаАлёна-Генриэтта",
            "message": "размер должен находиться в диапазоне от 2 до 15"
        }
    ]
}
]]></system-out>
  </testcase>
  <testcase name="shouldNotCreateNewUserWhenName16Symbols" classname="com.nordigy.testrestapi.RestApiTests$PostMethodTests" time="0.044">
    <failure message="1 expectation failed.&#10;Expected status code &lt;400&gt; but was &lt;201&gt;.&#10;" type="java.lang.AssertionError"><![CDATA[java.lang.AssertionError: 
1 expectation failed.
Expected status code <400> but was <201>.

	at com.nordigy.testrestapi.RestApiTests$PostMethodTests.shouldNotCreateNewUserWhenName16Symbols(RestApiTests.java:235)
]]></failure>
    <system-out><![CDATA[Request method:	POST
Request URI:	http://localhost:54436/api/users
Proxy:			<none>
Request params:	<none>
Query params:	<none>
Form params:	<none>
Path params:	<none>
Headers:		Accept=*/*
				Content-Type=application/json; charset=UTF-8
Cookies:		<none>
Multiparts:		<none>
Body:
{
    "firstName": "Ibhjllkjhgfdddrt",
    "lastName": "Ivanov",
    "dayOfBirth": "2000-01-01",
    "email": "alyona@asdas.ru"
}
HTTP/1.1 201 
Vary: Origin
Vary: Access-Control-Request-Method
Vary: Access-Control-Request-Headers
Location: http://localhost:54436/api/users/22
Content-Type: application/hal+json
Transfer-Encoding: chunked
Date: Wed, 05 Aug 2020 10:52:25 GMT
Keep-Alive: timeout=60
Connection: keep-alive

{
    "id": 22,
    "firstName": "Ibhjllkjhgfdddrt",
    "lastName": "Ivanov",
    "email": "alyona@asdas.ru",
    "dayOfBirth": "2000-01-01",
    "_links": {
        "self": {
            "href": "http://localhost:54436/api/users/22"
        },
        "user": {
            "href": "http://localhost:54436/api/users/22"
        }
    }
}
]]></system-out>
  </testcase>
  <testcase name="shouldNotCreateNewUserWhenSurname1Symbol" classname="com.nordigy.testrestapi.RestApiTests$PostMethodTests" time="0.084">
    <failure message="1 expectation failed.&#10;JSON path subErrors.get(0).message doesn&apos;t match.&#10;Expected: is &quot;размер должен находиться в диапазоне от 2 до 30&quot;&#10;  Actual: размер должен находиться в диапазоне от 2 до 15&#10;" type="java.lang.AssertionError">java.lang.AssertionError: 
1 expectation failed.
JSON path subErrors.get(0).message doesn't match.
Expected: is "размер должен находиться в диапазоне от 2 до 30"
  Actual: размер должен находиться в диапазоне от 2 до 15

	at com.nordigy.testrestapi.RestApiTests$PostMethodTests.shouldNotCreateNewUserWhenSurname1Symbol(RestApiTests.java:254)
</failure>
    <system-out><![CDATA[Request method:	POST
Request URI:	http://localhost:54436/api/users
Proxy:			<none>
Request params:	<none>
Query params:	<none>
Form params:	<none>
Path params:	<none>
Headers:		Accept=*/*
				Content-Type=application/json; charset=UTF-8
Cookies:		<none>
Multiparts:		<none>
Body:
{
    "firstName": "Ivan",
    "lastName": "I",
    "dayOfBirth": "2000-01-01",
    "email": "alyona@asdas.ru"
}
HTTP/1.1 400 
Vary: Origin
Vary: Access-Control-Request-Method
Vary: Access-Control-Request-Headers
Content-Type: application/json
Transfer-Encoding: chunked
Date: Wed, 05 Aug 2020 10:52:25 GMT
Connection: close

{
    "status": "BAD_REQUEST",
    "timestamp": "05-08-2020 01:52:25",
    "message": "Validation failed",
    "debugMessage": null,
    "subErrors": [
        {
            "object": "User",
            "field": "lastName",
            "rejectedValue": "I",
            "message": "размер должен находиться в диапазоне от 2 до 15"
        }
    ]
}
]]></system-out>
  </testcase>
  <testcase name="shouldNotCreateNewUserWhenEmptyFields" classname="com.nordigy.testrestapi.RestApiTests$PostMethodTests" time="0.052"/>
  <testcase name="shouldNotCreateNewUserWhenName1Symbol" classname="com.nordigy.testrestapi.RestApiTests$PostMethodTests" time="0.097">
    <failure message="1 expectation failed.&#10;JSON path subErrors.get(0).message doesn&apos;t match.&#10;Expected: is &quot;размер должен находиться в диапазоне от 2 до 15&quot;&#10;  Actual: размер должен находиться в диапазоне от 2 до 30&#10;" type="java.lang.AssertionError">java.lang.AssertionError: 
1 expectation failed.
JSON path subErrors.get(0).message doesn't match.
Expected: is "размер должен находиться в диапазоне от 2 до 15"
  Actual: размер должен находиться в диапазоне от 2 до 30

	at com.nordigy.testrestapi.RestApiTests$PostMethodTests.shouldNotCreateNewUserWhenName1Symbol(RestApiTests.java:218)
</failure>
    <system-out><![CDATA[Request method:	POST
Request URI:	http://localhost:54436/api/users
Proxy:			<none>
Request params:	<none>
Query params:	<none>
Form params:	<none>
Path params:	<none>
Headers:		Accept=*/*
				Content-Type=application/json; charset=UTF-8
Cookies:		<none>
Multiparts:		<none>
Body:
{
    "firstName": "I",
    "lastName": "Ivanov",
    "dayOfBirth": "2000-01-01",
    "email": "alyona@asdas.ru"
}
HTTP/1.1 400 
Vary: Origin
Vary: Access-Control-Request-Method
Vary: Access-Control-Request-Headers
Content-Type: application/json
Transfer-Encoding: chunked
Date: Wed, 05 Aug 2020 10:52:25 GMT
Connection: close

{
    "status": "BAD_REQUEST",
    "timestamp": "05-08-2020 01:52:26",
    "message": "Validation failed",
    "debugMessage": null,
    "subErrors": [
        {
            "object": "User",
            "field": "firstName",
            "rejectedValue": "I",
            "message": "размер должен находиться в диапазоне от 2 до 30"
        }
    ]
}
]]></system-out>
  </testcase>
  <testcase name="shouldNotCreateNewUserWhenDateInFuture" classname="com.nordigy.testrestapi.RestApiTests$PostMethodTests" time="0.088"/>
  <testcase name="shouldNotCreateNewUserWhenEmailInvalid" classname="com.nordigy.testrestapi.RestApiTests$PostMethodTests" time="0.046"/>
  <testcase name="shouldCreateNewUserWhenNameAndSurname2Symbols" classname="com.nordigy.testrestapi.RestApiTests$PostMethodTests" time="0.059"/>
  <testcase name="shouldNotCreateNewUserWhenEmailAlreadyExists" classname="com.nordigy.testrestapi.RestApiTests$PostMethodTests" time="0.213"/>
  <testcase name="shouldNotReturnUserIfNotExists" classname="com.nordigy.testrestapi.RestApiTests$GetMethodTests" time="0.027"/>
  <testcase name="shouldReturnUserIfExists" classname="com.nordigy.testrestapi.RestApiTests$GetMethodTests" time="0.028"/>
  <testcase name="shouldSortByFirstNameBackward" classname="com.nordigy.testrestapi.RestApiTests$GetMethodTests" time="0.313"/>
  <testcase name="shouldReturnCorrectNumberOfPages" classname="com.nordigy.testrestapi.RestApiTests$GetMethodTests" time="0.192">
    <failure message="1 expectation failed.&#10;JSON path page.totalPages doesn&apos;t match.&#10;Expected: is &lt;1&gt;&#10;  Actual: 2&#10;" type="java.lang.AssertionError"><![CDATA[java.lang.AssertionError: 
1 expectation failed.
JSON path page.totalPages doesn't match.
Expected: is <1>
  Actual: 2

	at com.nordigy.testrestapi.RestApiTests$GetMethodTests.shouldReturnCorrectNumberOfPages(RestApiTests.java:66)
]]></failure>
    <system-out><![CDATA[Request method:	GET
Request URI:	http://localhost:54436/api/users
Proxy:			<none>
Request params:	<none>
Query params:	<none>
Form params:	<none>
Path params:	<none>
Headers:		Accept=*/*
Cookies:		<none>
Multiparts:		<none>
Body:			<none>
HTTP/1.1 200 
Vary: Origin
Vary: Access-Control-Request-Method
Vary: Access-Control-Request-Headers
Content-Type: application/hal+json
Transfer-Encoding: chunked
Date: Wed, 05 Aug 2020 10:52:26 GMT
Keep-Alive: timeout=60
Connection: keep-alive

{
    "_embedded": {
        "users": [
            {
                "id": 2,
                "firstName": "Mark",
                "lastName": "Smith",
                "email": "workingemail-2@gmail.com",
                "dayOfBirth": "1935-08-05",
                "_links": {
                    "self": {
                        "href": "http://localhost:54436/api/users/2"
                    },
                    "user": {
                        "href": "http://localhost:54436/api/users/2"
                    }
                }
            },
            {
                "id": 3,
                "firstName": "Julia",
                "lastName": "Smith",
                "email": "juli@asdas.ru",
                "dayOfBirth": "1967-01-01",
                "_links": {
                    "self": {
                        "href": "http://localhost:54436/api/users/3"
                    },
                    "user": {
                        "href": "http://localhost:54436/api/users/3"
                    }
                }
            },
            {
                "id": 4,
                "firstName": "Mary",
                "lastName": "Smith",
                "email": "workingemail-4@gmail.com",
                "dayOfBirth": "1932-08-05",
                "_links": {
                    "self": {
                        "href": "http://localhost:54436/api/users/4"
                    },
                    "user": {
                        "href": "http://localhost:54436/api/users/4"
                    }
                }
            },
            {
                "id": 5,
                "firstName": "John",
                "lastName": "Smith",
                "email": "workingemail-5@gmail.com",
                "dayOfBirth": "1965-08-05",
                "_links": {
                    "self": {
                        "href": "http://localhost:54436/api/users/5"
                    },
                    "user": {
                        "href": "http://localhost:54436/api/users/5"
                    }
                }
            },
            {
                "id": 6,
                "firstName": "Mark",
                "lastName": "Li",
                "email": "workingemail-6@gmail.com",
                "dayOfBirth": "1969-08-05",
                "_links": {
                    "self": {
                        "href": "http://localhost:54436/api/users/6"
                    },
                    "user": {
                        "href": "http://localhost:54436/api/users/6"
                    }
                }
            },
            {
                "id": 7,
                "firstName": "Mark",
                "lastName": "Li",
                "email": "workingemail-7@gmail.com",
                "dayOfBirth": "1949-08-05",
                "_links": {
                    "self": {
                        "href": "http://localhost:54436/api/users/7"
                    },
                    "user": {
                        "href": "http://localhost:54436/api/users/7"
                    }
                }
            },
            {
                "id": 8,
                "firstName": "Mark",
                "lastName": "Li",
                "email": "workingemail-8@gmail.com",
                "dayOfBirth": "1972-08-05",
                "_links": {
                    "self": {
                        "href": "http://localhost:54436/api/users/8"
                    },
                    "user": {
                        "href": "http://localhost:54436/api/users/8"
                    }
                }
            },
            {
                "id": 9,
                "firstName": "Nataly",
                "lastName": "Doe",
                "email": "workingemail-9@gmail.com",
                "dayOfBirth": "1961-08-05",
                "_links": {
                    "self": {
                        "href": "http://localhost:54436/api/users/9"
                    },
                    "user": {
                        "href": "http://localhost:54436/api/users/9"
                    }
                }
            },
            {
                "id": 10,
                "firstName": "Nataly",
                "lastName": "Portman",
                "email": "workingemail-10@gmail.com",
                "dayOfBirth": "1979-08-05",
                "_links": {
                    "self": {
                        "href": "http://localhost:54436/api/users/10"
                    },
                    "user": {
                        "href": "http://localhost:54436/api/users/10"
                    }
                }
            },
            {
                "id": 11,
                "firstName": "Robert",
                "lastName": "Li",
                "email": "workingemail-11@gmail.com",
                "dayOfBirth": "1968-08-05",
                "_links": {
                    "self": {
                        "href": "http://localhost:54436/api/users/11"
                    },
                    "user": {
                        "href": "http://localhost:54436/api/users/11"
                    }
                }
            },
            {
                "id": 12,
                "firstName": "Ani",
                "lastName": "Portman",
                "email": "ani@asdas.ru",
                "dayOfBirth": "1998-08-05",
                "_links": {
                    "self": {
                        "href": "http://localhost:54436/api/users/12"
                    },
                    "user": {
                        "href": "http://localhost:54436/api/users/12"
                    }
                }
            },
            {
                "id": 13,
                "firstName": "Mary",
                "lastName": "Smith",
                "email": "workingemail-13@gmail.com",
                "dayOfBirth": "1937-08-05",
                "_links": {
                    "self": {
                        "href": "http://localhost:54436/api/users/13"
                    },
                    "user": {
                        "href": "http://localhost:54436/api/users/13"
                    }
                }
            },
            {
                "id": 14,
                "firstName": "John",
                "lastName": "Li",
                "email": "workingemail-14@gmail.com",
                "dayOfBirth": "1973-08-05",
                "_links": {
                    "self": {
                        "href": "http://localhost:54436/api/users/14"
                    },
                    "user": {
                        "href": "http://localhost:54436/api/users/14"
                    }
                }
            },
            {
                "id": 15,
                "firstName": "Robert",
                "lastName": "Roach",
                "email": "workingemail-15@gmail.com",
                "dayOfBirth": "1980-08-05",
                "_links": {
                    "self": {
                        "href": "http://localhost:54436/api/users/15"
                    },
                    "user": {
                        "href": "http://localhost:54436/api/users/15"
                    }
                }
            },
            {
                "id": 16,
                "firstName": "Mary",
                "lastName": "Smith",
                "email": "workingemail-16@gmail.com",
                "dayOfBirth": "1953-08-05",
                "_links": {
                    "self": {
                        "href": "http://localhost:54436/api/users/16"
                    },
                    "user": {
                        "href": "http://localhost:54436/api/users/16"
                    }
                }
            },
            {
                "id": 17,
                "firstName": "Mary",
                "lastName": "Erickson",
                "email": "workingemail-17@gmail.com",
                "dayOfBirth": "1948-08-05",
                "_links": {
                    "self": {
                        "href": "http://localhost:54436/api/users/17"
                    },
                    "user": {
                        "href": "http://localhost:54436/api/users/17"
                    }
                }
            },
            {
                "id": 18,
                "firstName": "Robert",
                "lastName": "Smith",
                "email": "workingemail-18@gmail.com",
                "dayOfBirth": "1966-08-05",
                "_links": {
                    "self": {
                        "href": "http://localhost:54436/api/users/18"
                    },
                    "user": {
                        "href": "http://localhost:54436/api/users/18"
                    }
                }
            },
            {
                "id": 19,
                "firstName": "Robert",
                "lastName": "Erickson",
                "email": "workingemail-19@gmail.com",
                "dayOfBirth": "1933-08-05",
                "_links": {
                    "self": {
                        "href": "http://localhost:54436/api/users/19"
                    },
                    "user": {
                        "href": "http://localhost:54436/api/users/19"
                    }
                }
            },
            {
                "id": 20,
                "firstName": "Robert",
                "lastName": "Portman",
                "email": "workingemail-20@gmail.com",
                "dayOfBirth": "1948-08-05",
                "_links": {
                    "self": {
                        "href": "http://localhost:54436/api/users/20"
                    },
                    "user": {
                        "href": "http://localhost:54436/api/users/20"
                    }
                }
            },
            {
                "id": 21,
                "firstName": "Mari",
                "lastName": "Brown",
                "email": "mari@gjgj.com",
                "dayOfBirth": "1989-03-02",
                "_links": {
                    "self": {
                        "href": "http://localhost:54436/api/users/21"
                    },
                    "user": {
                        "href": "http://localhost:54436/api/users/21"
                    }
                }
            }
        ]
    },
    "_links": {
        "first": {
            "href": "http://localhost:54436/api/users?page=0&size=20"
        },
        "self": {
            "href": "http://localhost:54436/api/users"
        },
        "next": {
            "href": "http://localhost:54436/api/users?page=1&size=20"
        },
        "last": {
            "href": "http://localhost:54436/api/users?page=1&size=20"
        },
        "profile": {
            "href": "http://localhost:54436/api/profile/users"
        }
    },
    "page": {
        "size": 20,
        "totalElements": 23,
        "totalPages": 2,
        "number": 0
    }
}
]]></system-out>
  </testcase>
  <testcase name="shouldSortByFirstNameForward" classname="com.nordigy.testrestapi.RestApiTests$GetMethodTests" time="0.182"/>
</testsuite>