<?xml version="1.0" encoding="UTF-8"?>
<testsuite xmlns:xsi="http://www.w3.org/2001/XMLSchema-instance" xsi:noNamespaceSchemaLocation="https://maven.apache.org/surefire/maven-surefire-plugin/xsd/surefire-test-report.xsd" name="com.nordigy.testrestapi.RestApiTests" time="25.663" tests="2" errors="0" skipped="0" failures="1">
  <properties>
    <property name="gopherProxySet" value="false"/>
    <property name="awt.toolkit" value="sun.lwawt.macosx.LWCToolkit"/>
    <property name="java.specification.version" value="11"/>
    <property name="sun.cpu.isalist" value=""/>
    <property name="sun.jnu.encoding" value="UTF-8"/>
    <property name="java.class.path" value="/Users/lada/Documents/Dins test/target/test-classes:/Users/lada/Documents/Dins test/target/classes:/Users/lada/.m2/repository/org/springframework/boot/spring-boot-starter/2.3.1.RELEASE/spring-boot-starter-2.3.1.RELEASE.jar:/Users/lada/.m2/repository/org/springframework/boot/spring-boot/2.3.1.RELEASE/spring-boot-2.3.1.RELEASE.jar:/Users/lada/.m2/repository/org/springframework/spring-context/5.2.7.RELEASE/spring-context-5.2.7.RELEASE.jar:/Users/lada/.m2/repository/org/springframework/boot/spring-boot-starter-logging/2.3.1.RELEASE/spring-boot-starter-logging-2.3.1.RELEASE.jar:/Users/lada/.m2/repository/ch/qos/logback/logback-classic/1.2.3/logback-classic-1.2.3.jar:/Users/lada/.m2/repository/ch/qos/logback/logback-core/1.2.3/logback-core-1.2.3.jar:/Users/lada/.m2/repository/org/apache/logging/log4j/log4j-to-slf4j/2.13.3/log4j-to-slf4j-2.13.3.jar:/Users/lada/.m2/repository/org/apache/logging/log4j/log4j-api/2.13.3/log4j-api-2.13.3.jar:/Users/lada/.m2/repository/org/slf4j/jul-to-slf4j/1.7.30/jul-to-slf4j-1.7.30.jar:/Users/lada/.m2/repository/jakarta/annotation/jakarta.annotation-api/1.3.5/jakarta.annotation-api-1.3.5.jar:/Users/lada/.m2/repository/org/springframework/spring-core/5.2.7.RELEASE/spring-core-5.2.7.RELEASE.jar:/Users/lada/.m2/repository/org/springframework/spring-jcl/5.2.7.RELEASE/spring-jcl-5.2.7.RELEASE.jar:/Users/lada/.m2/repository/org/yaml/snakeyaml/1.26/snakeyaml-1.26.jar:/Users/lada/.m2/repository/org/springframework/boot/spring-boot-starter-web/2.3.1.RELEASE/spring-boot-starter-web-2.3.1.RELEASE.jar:/Users/lada/.m2/repository/org/springframework/boot/spring-boot-starter-json/2.3.1.RELEASE/spring-boot-starter-json-2.3.1.RELEASE.jar:/Users/lada/.m2/repository/com/fasterxml/jackson/datatype/jackson-datatype-jdk8/2.11.0/jackson-datatype-jdk8-2.11.0.jar:/Users/lada/.m2/repository/com/fasterxml/jackson/module/jackson-module-parameter-names/2.11.0/jackson-module-parameter-names-2.11.0.jar:/Users/lada/.m2/repository/org/springframework/boot/spring-boot-starter-tomcat/2.3.1.RELEASE/spring-boot-starter-tomcat-2.3.1.RELEASE.jar:/Users/lada/.m2/repository/org/apache/tomcat/embed/tomcat-embed-core/9.0.36/tomcat-embed-core-9.0.36.jar:/Users/lada/.m2/repository/org/apache/tomcat/embed/tomcat-embed-websocket/9.0.36/tomcat-embed-websocket-9.0.36.jar:/Users/lada/.m2/repository/org/springframework/spring-web/5.2.7.RELEASE/spring-web-5.2.7.RELEASE.jar:/Users/lada/.m2/repository/org/springframework/spring-beans/5.2.7.RELEASE/spring-beans-5.2.7.RELEASE.jar:/Users/lada/.m2/repository/org/springframework/spring-webmvc/5.2.7.RELEASE/spring-webmvc-5.2.7.RELEASE.jar:/Users/lada/.m2/repository/org/springframework/spring-aop/5.2.7.RELEASE/spring-aop-5.2.7.RELEASE.jar:/Users/lada/.m2/repository/org/springframework/spring-expression/5.2.7.RELEASE/spring-expression-5.2.7.RELEASE.jar:/Users/lada/.m2/repository/org/springframework/boot/spring-boot-starter-data-rest/2.3.1.RELEASE/spring-boot-starter-data-rest-2.3.1.RELEASE.jar:/Users/lada/.m2/repository/org/springframework/data/spring-data-rest-webmvc/3.3.1.RELEASE/spring-data-rest-webmvc-3.3.1.RELEASE.jar:/Users/lada/.m2/repository/org/springframework/data/spring-data-rest-core/3.3.1.RELEASE/spring-data-rest-core-3.3.1.RELEASE.jar:/Users/lada/.m2/repository/org/atteo/evo-inflector/1.2.2/evo-inflector-1.2.2.jar:/Users/lada/.m2/repository/org/springframework/boot/spring-boot-starter-data-jpa/2.3.1.RELEASE/spring-boot-starter-data-jpa-2.3.1.RELEASE.jar:/Users/lada/.m2/repository/org/springframework/boot/spring-boot-starter-aop/2.3.1.RELEASE/spring-boot-starter-aop-2.3.1.RELEASE.jar:/Users/lada/.m2/repository/org/aspectj/aspectjweaver/1.9.5/aspectjweaver-1.9.5.jar:/Users/lada/.m2/repository/org/springframework/boot/spring-boot-starter-jdbc/2.3.1.RELEASE/spring-boot-starter-jdbc-2.3.1.RELEASE.jar:/Users/lada/.m2/repository/com/zaxxer/HikariCP/3.4.5/HikariCP-3.4.5.jar:/Users/lada/.m2/repository/org/springframework/spring-jdbc/5.2.7.RELEASE/spring-jdbc-5.2.7.RELEASE.jar:/Users/lada/.m2/repository/jakarta/transaction/jakarta.transaction-api/1.3.3/jakarta.transaction-api-1.3.3.jar:/Users/lada/.m2/repository/jakarta/persistence/jakarta.persistence-api/2.2.3/jakarta.persistence-api-2.2.3.jar:/Users/lada/.m2/repository/org/hibernate/hibernate-core/5.4.17.Final/hibernate-core-5.4.17.Final.jar:/Users/lada/.m2/repository/org/jboss/logging/jboss-logging/3.4.1.Final/jboss-logging-3.4.1.Final.jar:/Users/lada/.m2/repository/org/javassist/javassist/3.24.0-GA/javassist-3.24.0-GA.jar:/Users/lada/.m2/repository/net/bytebuddy/byte-buddy/1.10.11/byte-buddy-1.10.11.jar:/Users/lada/.m2/repository/antlr/antlr/2.7.7/antlr-2.7.7.jar:/Users/lada/.m2/repository/org/jboss/jandex/2.1.3.Final/jandex-2.1.3.Final.jar:/Users/lada/.m2/repository/org/dom4j/dom4j/2.1.3/dom4j-2.1.3.jar:/Users/lada/.m2/repository/org/hibernate/common/hibernate-commons-annotations/5.1.0.Final/hibernate-commons-annotations-5.1.0.Final.jar:/Users/lada/.m2/repository/org/glassfish/jaxb/jaxb-runtime/2.3.3/jaxb-runtime-2.3.3.jar:/Users/lada/.m2/repository/org/glassfish/jaxb/txw2/2.3.3/txw2-2.3.3.jar:/Users/lada/.m2/repository/com/sun/istack/istack-commons-runtime/3.0.11/istack-commons-runtime-3.0.11.jar:/Users/lada/.m2/repository/com/sun/activation/jakarta.activation/1.2.2/jakarta.activation-1.2.2.jar:/Users/lada/.m2/repository/org/springframework/data/spring-data-jpa/2.3.1.RELEASE/spring-data-jpa-2.3.1.RELEASE.jar:/Users/lada/.m2/repository/org/springframework/data/spring-data-commons/2.3.1.RELEASE/spring-data-commons-2.3.1.RELEASE.jar:/Users/lada/.m2/repository/org/springframework/spring-orm/5.2.7.RELEASE/spring-orm-5.2.7.RELEASE.jar:/Users/lada/.m2/repository/org/springframework/spring-tx/5.2.7.RELEASE/spring-tx-5.2.7.RELEASE.jar:/Users/lada/.m2/repository/org/springframework/spring-aspects/5.2.7.RELEASE/spring-aspects-5.2.7.RELEASE.jar:/Users/lada/.m2/repository/org/springframework/boot/spring-boot-autoconfigure/2.3.1.RELEASE/spring-boot-autoconfigure-2.3.1.RELEASE.jar:/Users/lada/.m2/repository/org/springframework/boot/spring-boot-starter-test/2.3.1.RELEASE/spring-boot-starter-test-2.3.1.RELEASE.jar:/Users/lada/.m2/repository/org/springframework/boot/spring-boot-test/2.3.1.RELEASE/spring-boot-test-2.3.1.RELEASE.jar:/Users/lada/.m2/repository/org/springframework/boot/spring-boot-test-autoconfigure/2.3.1.RELEASE/spring-boot-test-autoconfigure-2.3.1.RELEASE.jar:/Users/lada/.m2/repository/com/jayway/jsonpath/json-path/2.4.0/json-path-2.4.0.jar:/Users/lada/.m2/repository/net/minidev/json-smart/2.3/json-smart-2.3.jar:/Users/lada/.m2/repository/net/minidev/accessors-smart/1.2/accessors-smart-1.2.jar:/Users/lada/.m2/repository/org/ow2/asm/asm/5.0.4/asm-5.0.4.jar:/Users/lada/.m2/repository/jakarta/xml/bind/jakarta.xml.bind-api/2.3.3/jakarta.xml.bind-api-2.3.3.jar:/Users/lada/.m2/repository/jakarta/activation/jakarta.activation-api/1.2.2/jakarta.activation-api-1.2.2.jar:/Users/lada/.m2/repository/org/assertj/assertj-core/3.16.1/assertj-core-3.16.1.jar:/Users/lada/.m2/repository/org/junit/jupiter/junit-jupiter/5.6.2/junit-jupiter-5.6.2.jar:/Users/lada/.m2/repository/org/junit/jupiter/junit-jupiter-api/5.6.2/junit-jupiter-api-5.6.2.jar:/Users/lada/.m2/repository/org/opentest4j/opentest4j/1.2.0/opentest4j-1.2.0.jar:/Users/lada/.m2/repository/org/junit/platform/junit-platform-commons/1.6.2/junit-platform-commons-1.6.2.jar:/Users/lada/.m2/repository/org/junit/jupiter/junit-jupiter-params/5.6.2/junit-jupiter-params-5.6.2.jar:/Users/lada/.m2/repository/org/junit/jupiter/junit-jupiter-engine/5.6.2/junit-jupiter-engine-5.6.2.jar:/Users/lada/.m2/repository/org/junit/vintage/junit-vintage-engine/5.6.2/junit-vintage-engine-5.6.2.jar:/Users/lada/.m2/repository/org/apiguardian/apiguardian-api/1.1.0/apiguardian-api-1.1.0.jar:/Users/lada/.m2/repository/org/junit/platform/junit-platform-engine/1.6.2/junit-platform-engine-1.6.2.jar:/Users/lada/.m2/repository/junit/junit/4.13/junit-4.13.jar:/Users/lada/.m2/repository/org/mockito/mockito-core/3.3.3/mockito-core-3.3.3.jar:/Users/lada/.m2/repository/net/bytebuddy/byte-buddy-agent/1.10.11/byte-buddy-agent-1.10.11.jar:/Users/lada/.m2/repository/org/objenesis/objenesis/2.6/objenesis-2.6.jar:/Users/lada/.m2/repository/org/mockito/mockito-junit-jupiter/3.3.3/mockito-junit-jupiter-3.3.3.jar:/Users/lada/.m2/repository/org/skyscreamer/jsonassert/1.5.0/jsonassert-1.5.0.jar:/Users/lada/.m2/repository/com/vaadin/external/google/android-json/0.0.20131108.vaadin1/android-json-0.0.20131108.vaadin1.jar:/Users/lada/.m2/repository/org/springframework/spring-test/5.2.7.RELEASE/spring-test-5.2.7.RELEASE.jar:/Users/lada/.m2/repository/org/xmlunit/xmlunit-core/2.7.0/xmlunit-core-2.7.0.jar:/Users/lada/.m2/repository/org/springframework/boot/spring-boot-starter-validation/2.3.1.RELEASE/spring-boot-starter-validation-2.3.1.RELEASE.jar:/Users/lada/.m2/repository/org/glassfish/jakarta.el/3.0.3/jakarta.el-3.0.3.jar:/Users/lada/.m2/repository/org/hibernate/validator/hibernate-validator/6.1.5.Final/hibernate-validator-6.1.5.Final.jar:/Users/lada/.m2/repository/jakarta/validation/jakarta.validation-api/2.0.2/jakarta.validation-api-2.0.2.jar:/Users/lada/.m2/repository/com/h2database/h2/1.4.200/h2-1.4.200.jar:/Users/lada/.m2/repository/com/querydsl/querydsl-apt/4.3.1/querydsl-apt-4.3.1.jar:/Users/lada/.m2/repository/com/querydsl/querydsl-codegen/4.3.1/querydsl-codegen-4.3.1.jar:/Users/lada/.m2/repository/com/mysema/codegen/codegen/0.6.8/codegen-0.6.8.jar:/Users/lada/.m2/repository/org/eclipse/jdt/core/compiler/ecj/4.3.1/ecj-4.3.1.jar:/Users/lada/.m2/repository/org/reflections/reflections/0.9.9/reflections-0.9.9.jar:/Users/lada/.m2/repository/com/google/code/findbugs/annotations/2.0.1/annotations-2.0.1.jar:/Users/lada/.m2/repository/com/querydsl/querydsl-jpa/4.3.1/querydsl-jpa-4.3.1.jar:/Users/lada/.m2/repository/com/querydsl/querydsl-core/4.3.1/querydsl-core-4.3.1.jar:/Users/lada/.m2/repository/com/google/guava/guava/18.0/guava-18.0.jar:/Users/lada/.m2/repository/com/google/code/findbugs/jsr305/1.3.9/jsr305-1.3.9.jar:/Users/lada/.m2/repository/com/mysema/commons/mysema-commons-lang/0.2.4/mysema-commons-lang-0.2.4.jar:/Users/lada/.m2/repository/com/infradna/tool/bridge-method-annotation/1.13/bridge-method-annotation-1.13.jar:/Users/lada/.m2/repository/javax/inject/javax.inject/1/javax.inject-1.jar:/Users/lada/.m2/repository/org/slf4j/slf4j-api/1.7.30/slf4j-api-1.7.30.jar:/Users/lada/.m2/repository/org/xerial/sqlite-jdbc/3.31.1/sqlite-jdbc-3.31.1.jar:/Users/lada/.m2/repository/org/projectlombok/lombok/1.18.12/lombok-1.18.12.jar:/Users/lada/.m2/repository/org/apache/commons/commons-lang3/3.10/commons-lang3-3.10.jar:/Users/lada/.m2/repository/com/fasterxml/jackson/datatype/jackson-datatype-jsr310/2.11.0/jackson-datatype-jsr310-2.11.0.jar:/Users/lada/.m2/repository/com/fasterxml/jackson/core/jackson-annotations/2.11.0/jackson-annotations-2.11.0.jar:/Users/lada/.m2/repository/com/fasterxml/jackson/core/jackson-core/2.11.0/jackson-core-2.11.0.jar:/Users/lada/.m2/repository/com/fasterxml/jackson/core/jackson-databind/2.11.0/jackson-databind-2.11.0.jar:/Users/lada/.m2/repository/io/springfox/springfox-swagger2/2.10.0/springfox-swagger2-2.10.0.jar:/Users/lada/.m2/repository/io/swagger/swagger-annotations/1.5.20/swagger-annotations-1.5.20.jar:/Users/lada/.m2/repository/io/swagger/swagger-models/1.5.20/swagger-models-1.5.20.jar:/Users/lada/.m2/repository/io/springfox/springfox-spi/2.10.0/springfox-spi-2.10.0.jar:/Users/lada/.m2/repository/io/springfox/springfox-core/2.10.0/springfox-core-2.10.0.jar:/Users/lada/.m2/repository/io/springfox/springfox-schema/2.10.0/springfox-schema-2.10.0.jar:/Users/lada/.m2/repository/io/springfox/springfox-swagger-common/2.10.0/springfox-swagger-common-2.10.0.jar:/Users/lada/.m2/repository/io/springfox/springfox-spring-web/2.10.0/springfox-spring-web-2.10.0.jar:/Users/lada/.m2/repository/io/github/classgraph/classgraph/4.1.7/classgraph-4.1.7.jar:/Users/lada/.m2/repository/com/fasterxml/classmate/1.5.1/classmate-1.5.1.jar:/Users/lada/.m2/repository/org/springframework/plugin/spring-plugin-core/2.0.0.RELEASE/spring-plugin-core-2.0.0.RELEASE.jar:/Users/lada/.m2/repository/org/springframework/plugin/spring-plugin-metadata/2.0.0.RELEASE/spring-plugin-metadata-2.0.0.RELEASE.jar:/Users/lada/.m2/repository/org/mapstruct/mapstruct/1.3.1.Final/mapstruct-1.3.1.Final.jar:/Users/lada/.m2/repository/io/springfox/springfox-data-rest/2.10.0/springfox-data-rest-2.10.0.jar:/Users/lada/.m2/repository/io/springfox/springfox-spring-webmvc/2.10.0/springfox-spring-webmvc-2.10.0.jar:/Users/lada/.m2/repository/org/springframework/hateoas/spring-hateoas/1.1.0.RELEASE/spring-hateoas-1.1.0.RELEASE.jar:/Users/lada/.m2/repository/io/springfox/springfox-swagger-ui/2.10.0/springfox-swagger-ui-2.10.0.jar:/Users/lada/.m2/repository/io/springfox/springfox-bean-validators/2.10.0/springfox-bean-validators-2.10.0.jar:/Users/lada/.m2/repository/io/rest-assured/rest-assured/4.2.0/rest-assured-4.2.0.jar:/Users/lada/.m2/repository/org/codehaus/groovy/groovy/2.5.12/groovy-2.5.12.jar:/Users/lada/.m2/repository/org/codehaus/groovy/groovy-xml/2.5.12/groovy-xml-2.5.12.jar:/Users/lada/.m2/repository/org/apache/httpcomponents/httpclient/4.5.12/httpclient-4.5.12.jar:/Users/lada/.m2/repository/org/apache/httpcomponents/httpcore/4.4.13/httpcore-4.4.13.jar:/Users/lada/.m2/repository/commons-codec/commons-codec/1.14/commons-codec-1.14.jar:/Users/lada/.m2/repository/org/apache/httpcomponents/httpmime/4.5.12/httpmime-4.5.12.jar:/Users/lada/.m2/repository/org/ccil/cowan/tagsoup/tagsoup/1.2.1/tagsoup-1.2.1.jar:/Users/lada/.m2/repository/io/rest-assured/json-path/4.2.0/json-path-4.2.0.jar:/Users/lada/.m2/repository/org/codehaus/groovy/groovy-json/2.5.12/groovy-json-2.5.12.jar:/Users/lada/.m2/repository/io/rest-assured/xml-path/4.2.0/xml-path-4.2.0.jar:/Users/lada/.m2/repository/com/sun/xml/bind/jaxb-osgi/2.3.0.1/jaxb-osgi-2.3.0.1.jar:/Users/lada/.m2/repository/org/apache/sling/org.apache.sling.javax.activation/0.1.0/org.apache.sling.javax.activation-0.1.0.jar:/Users/lada/.m2/repository/javax/activation/activation/1.1.1/activation-1.1.1.jar:/Users/lada/.m2/repository/io/rest-assured/rest-assured-common/4.2.0/rest-assured-common-4.2.0.jar:/Users/lada/.m2/repository/org/hamcrest/hamcrest-library/2.2/hamcrest-library-2.2.jar:/Users/lada/.m2/repository/org/hamcrest/hamcrest-core/2.2/hamcrest-core-2.2.jar:/Users/lada/.m2/repository/org/hamcrest/hamcrest/2.2/hamcrest-2.2.jar:"/>
    <property name="java.vm.vendor" value="AdoptOpenJDK"/>
    <property name="sun.arch.data.model" value="64"/>
    <property name="java.vendor.url" value="https://adoptopenjdk.net/"/>
    <property name="user.timezone" value=""/>
    <property name="java.vm.specification.version" value="11"/>
    <property name="os.name" value="Mac OS X"/>
    <property name="sun.java.launcher" value="SUN_STANDARD"/>
    <property name="user.country" value="RU"/>
    <property name="sun.boot.library.path" value="/Library/Java/JavaVirtualMachines/adoptopenjdk-11.jdk/Contents/Home/lib"/>
    <property name="sun.java.command" value="/Users/lada/Documents/Dins test/target/surefire/surefirebooter10626146355923038498.jar /Users/lada/Documents/Dins test/target/surefire 2020-08-01T00-48-08_477-jvmRun1 surefire5104729235668689778tmp surefire_05741786653297887783tmp"/>
    <property name="http.nonProxyHosts" value="local|*.local|169.254/16|*.169.254/16"/>
    <property name="jdk.debug" value="release"/>
    <property name="surefire.test.class.path" value="/Users/lada/Documents/Dins test/target/test-classes:/Users/lada/Documents/Dins test/target/classes:/Users/lada/.m2/repository/org/springframework/boot/spring-boot-starter/2.3.1.RELEASE/spring-boot-starter-2.3.1.RELEASE.jar:/Users/lada/.m2/repository/org/springframework/boot/spring-boot/2.3.1.RELEASE/spring-boot-2.3.1.RELEASE.jar:/Users/lada/.m2/repository/org/springframework/spring-context/5.2.7.RELEASE/spring-context-5.2.7.RELEASE.jar:/Users/lada/.m2/repository/org/springframework/boot/spring-boot-starter-logging/2.3.1.RELEASE/spring-boot-starter-logging-2.3.1.RELEASE.jar:/Users/lada/.m2/repository/ch/qos/logback/logback-classic/1.2.3/logback-classic-1.2.3.jar:/Users/lada/.m2/repository/ch/qos/logback/logback-core/1.2.3/logback-core-1.2.3.jar:/Users/lada/.m2/repository/org/apache/logging/log4j/log4j-to-slf4j/2.13.3/log4j-to-slf4j-2.13.3.jar:/Users/lada/.m2/repository/org/apache/logging/log4j/log4j-api/2.13.3/log4j-api-2.13.3.jar:/Users/lada/.m2/repository/org/slf4j/jul-to-slf4j/1.7.30/jul-to-slf4j-1.7.30.jar:/Users/lada/.m2/repository/jakarta/annotation/jakarta.annotation-api/1.3.5/jakarta.annotation-api-1.3.5.jar:/Users/lada/.m2/repository/org/springframework/spring-core/5.2.7.RELEASE/spring-core-5.2.7.RELEASE.jar:/Users/lada/.m2/repository/org/springframework/spring-jcl/5.2.7.RELEASE/spring-jcl-5.2.7.RELEASE.jar:/Users/lada/.m2/repository/org/yaml/snakeyaml/1.26/snakeyaml-1.26.jar:/Users/lada/.m2/repository/org/springframework/boot/spring-boot-starter-web/2.3.1.RELEASE/spring-boot-starter-web-2.3.1.RELEASE.jar:/Users/lada/.m2/repository/org/springframework/boot/spring-boot-starter-json/2.3.1.RELEASE/spring-boot-starter-json-2.3.1.RELEASE.jar:/Users/lada/.m2/repository/com/fasterxml/jackson/datatype/jackson-datatype-jdk8/2.11.0/jackson-datatype-jdk8-2.11.0.jar:/Users/lada/.m2/repository/com/fasterxml/jackson/module/jackson-module-parameter-names/2.11.0/jackson-module-parameter-names-2.11.0.jar:/Users/lada/.m2/repository/org/springframework/boot/spring-boot-starter-tomcat/2.3.1.RELEASE/spring-boot-starter-tomcat-2.3.1.RELEASE.jar:/Users/lada/.m2/repository/org/apache/tomcat/embed/tomcat-embed-core/9.0.36/tomcat-embed-core-9.0.36.jar:/Users/lada/.m2/repository/org/apache/tomcat/embed/tomcat-embed-websocket/9.0.36/tomcat-embed-websocket-9.0.36.jar:/Users/lada/.m2/repository/org/springframework/spring-web/5.2.7.RELEASE/spring-web-5.2.7.RELEASE.jar:/Users/lada/.m2/repository/org/springframework/spring-beans/5.2.7.RELEASE/spring-beans-5.2.7.RELEASE.jar:/Users/lada/.m2/repository/org/springframework/spring-webmvc/5.2.7.RELEASE/spring-webmvc-5.2.7.RELEASE.jar:/Users/lada/.m2/repository/org/springframework/spring-aop/5.2.7.RELEASE/spring-aop-5.2.7.RELEASE.jar:/Users/lada/.m2/repository/org/springframework/spring-expression/5.2.7.RELEASE/spring-expression-5.2.7.RELEASE.jar:/Users/lada/.m2/repository/org/springframework/boot/spring-boot-starter-data-rest/2.3.1.RELEASE/spring-boot-starter-data-rest-2.3.1.RELEASE.jar:/Users/lada/.m2/repository/org/springframework/data/spring-data-rest-webmvc/3.3.1.RELEASE/spring-data-rest-webmvc-3.3.1.RELEASE.jar:/Users/lada/.m2/repository/org/springframework/data/spring-data-rest-core/3.3.1.RELEASE/spring-data-rest-core-3.3.1.RELEASE.jar:/Users/lada/.m2/repository/org/atteo/evo-inflector/1.2.2/evo-inflector-1.2.2.jar:/Users/lada/.m2/repository/org/springframework/boot/spring-boot-starter-data-jpa/2.3.1.RELEASE/spring-boot-starter-data-jpa-2.3.1.RELEASE.jar:/Users/lada/.m2/repository/org/springframework/boot/spring-boot-starter-aop/2.3.1.RELEASE/spring-boot-starter-aop-2.3.1.RELEASE.jar:/Users/lada/.m2/repository/org/aspectj/aspectjweaver/1.9.5/aspectjweaver-1.9.5.jar:/Users/lada/.m2/repository/org/springframework/boot/spring-boot-starter-jdbc/2.3.1.RELEASE/spring-boot-starter-jdbc-2.3.1.RELEASE.jar:/Users/lada/.m2/repository/com/zaxxer/HikariCP/3.4.5/HikariCP-3.4.5.jar:/Users/lada/.m2/repository/org/springframework/spring-jdbc/5.2.7.RELEASE/spring-jdbc-5.2.7.RELEASE.jar:/Users/lada/.m2/repository/jakarta/transaction/jakarta.transaction-api/1.3.3/jakarta.transaction-api-1.3.3.jar:/Users/lada/.m2/repository/jakarta/persistence/jakarta.persistence-api/2.2.3/jakarta.persistence-api-2.2.3.jar:/Users/lada/.m2/repository/org/hibernate/hibernate-core/5.4.17.Final/hibernate-core-5.4.17.Final.jar:/Users/lada/.m2/repository/org/jboss/logging/jboss-logging/3.4.1.Final/jboss-logging-3.4.1.Final.jar:/Users/lada/.m2/repository/org/javassist/javassist/3.24.0-GA/javassist-3.24.0-GA.jar:/Users/lada/.m2/repository/net/bytebuddy/byte-buddy/1.10.11/byte-buddy-1.10.11.jar:/Users/lada/.m2/repository/antlr/antlr/2.7.7/antlr-2.7.7.jar:/Users/lada/.m2/repository/org/jboss/jandex/2.1.3.Final/jandex-2.1.3.Final.jar:/Users/lada/.m2/repository/org/dom4j/dom4j/2.1.3/dom4j-2.1.3.jar:/Users/lada/.m2/repository/org/hibernate/common/hibernate-commons-annotations/5.1.0.Final/hibernate-commons-annotations-5.1.0.Final.jar:/Users/lada/.m2/repository/org/glassfish/jaxb/jaxb-runtime/2.3.3/jaxb-runtime-2.3.3.jar:/Users/lada/.m2/repository/org/glassfish/jaxb/txw2/2.3.3/txw2-2.3.3.jar:/Users/lada/.m2/repository/com/sun/istack/istack-commons-runtime/3.0.11/istack-commons-runtime-3.0.11.jar:/Users/lada/.m2/repository/com/sun/activation/jakarta.activation/1.2.2/jakarta.activation-1.2.2.jar:/Users/lada/.m2/repository/org/springframework/data/spring-data-jpa/2.3.1.RELEASE/spring-data-jpa-2.3.1.RELEASE.jar:/Users/lada/.m2/repository/org/springframework/data/spring-data-commons/2.3.1.RELEASE/spring-data-commons-2.3.1.RELEASE.jar:/Users/lada/.m2/repository/org/springframework/spring-orm/5.2.7.RELEASE/spring-orm-5.2.7.RELEASE.jar:/Users/lada/.m2/repository/org/springframework/spring-tx/5.2.7.RELEASE/spring-tx-5.2.7.RELEASE.jar:/Users/lada/.m2/repository/org/springframework/spring-aspects/5.2.7.RELEASE/spring-aspects-5.2.7.RELEASE.jar:/Users/lada/.m2/repository/org/springframework/boot/spring-boot-autoconfigure/2.3.1.RELEASE/spring-boot-autoconfigure-2.3.1.RELEASE.jar:/Users/lada/.m2/repository/org/springframework/boot/spring-boot-starter-test/2.3.1.RELEASE/spring-boot-starter-test-2.3.1.RELEASE.jar:/Users/lada/.m2/repository/org/springframework/boot/spring-boot-test/2.3.1.RELEASE/spring-boot-test-2.3.1.RELEASE.jar:/Users/lada/.m2/repository/org/springframework/boot/spring-boot-test-autoconfigure/2.3.1.RELEASE/spring-boot-test-autoconfigure-2.3.1.RELEASE.jar:/Users/lada/.m2/repository/com/jayway/jsonpath/json-path/2.4.0/json-path-2.4.0.jar:/Users/lada/.m2/repository/net/minidev/json-smart/2.3/json-smart-2.3.jar:/Users/lada/.m2/repository/net/minidev/accessors-smart/1.2/accessors-smart-1.2.jar:/Users/lada/.m2/repository/org/ow2/asm/asm/5.0.4/asm-5.0.4.jar:/Users/lada/.m2/repository/jakarta/xml/bind/jakarta.xml.bind-api/2.3.3/jakarta.xml.bind-api-2.3.3.jar:/Users/lada/.m2/repository/jakarta/activation/jakarta.activation-api/1.2.2/jakarta.activation-api-1.2.2.jar:/Users/lada/.m2/repository/org/assertj/assertj-core/3.16.1/assertj-core-3.16.1.jar:/Users/lada/.m2/repository/org/junit/jupiter/junit-jupiter/5.6.2/junit-jupiter-5.6.2.jar:/Users/lada/.m2/repository/org/junit/jupiter/junit-jupiter-api/5.6.2/junit-jupiter-api-5.6.2.jar:/Users/lada/.m2/repository/org/opentest4j/opentest4j/1.2.0/opentest4j-1.2.0.jar:/Users/lada/.m2/repository/org/junit/platform/junit-platform-commons/1.6.2/junit-platform-commons-1.6.2.jar:/Users/lada/.m2/repository/org/junit/jupiter/junit-jupiter-params/5.6.2/junit-jupiter-params-5.6.2.jar:/Users/lada/.m2/repository/org/junit/jupiter/junit-jupiter-engine/5.6.2/junit-jupiter-engine-5.6.2.jar:/Users/lada/.m2/repository/org/junit/vintage/junit-vintage-engine/5.6.2/junit-vintage-engine-5.6.2.jar:/Users/lada/.m2/repository/org/apiguardian/apiguardian-api/1.1.0/apiguardian-api-1.1.0.jar:/Users/lada/.m2/repository/org/junit/platform/junit-platform-engine/1.6.2/junit-platform-engine-1.6.2.jar:/Users/lada/.m2/repository/junit/junit/4.13/junit-4.13.jar:/Users/lada/.m2/repository/org/mockito/mockito-core/3.3.3/mockito-core-3.3.3.jar:/Users/lada/.m2/repository/net/bytebuddy/byte-buddy-agent/1.10.11/byte-buddy-agent-1.10.11.jar:/Users/lada/.m2/repository/org/objenesis/objenesis/2.6/objenesis-2.6.jar:/Users/lada/.m2/repository/org/mockito/mockito-junit-jupiter/3.3.3/mockito-junit-jupiter-3.3.3.jar:/Users/lada/.m2/repository/org/skyscreamer/jsonassert/1.5.0/jsonassert-1.5.0.jar:/Users/lada/.m2/repository/com/vaadin/external/google/android-json/0.0.20131108.vaadin1/android-json-0.0.20131108.vaadin1.jar:/Users/lada/.m2/repository/org/springframework/spring-test/5.2.7.RELEASE/spring-test-5.2.7.RELEASE.jar:/Users/lada/.m2/repository/org/xmlunit/xmlunit-core/2.7.0/xmlunit-core-2.7.0.jar:/Users/lada/.m2/repository/org/springframework/boot/spring-boot-starter-validation/2.3.1.RELEASE/spring-boot-starter-validation-2.3.1.RELEASE.jar:/Users/lada/.m2/repository/org/glassfish/jakarta.el/3.0.3/jakarta.el-3.0.3.jar:/Users/lada/.m2/repository/org/hibernate/validator/hibernate-validator/6.1.5.Final/hibernate-validator-6.1.5.Final.jar:/Users/lada/.m2/repository/jakarta/validation/jakarta.validation-api/2.0.2/jakarta.validation-api-2.0.2.jar:/Users/lada/.m2/repository/com/h2database/h2/1.4.200/h2-1.4.200.jar:/Users/lada/.m2/repository/com/querydsl/querydsl-apt/4.3.1/querydsl-apt-4.3.1.jar:/Users/lada/.m2/repository/com/querydsl/querydsl-codegen/4.3.1/querydsl-codegen-4.3.1.jar:/Users/lada/.m2/repository/com/mysema/codegen/codegen/0.6.8/codegen-0.6.8.jar:/Users/lada/.m2/repository/org/eclipse/jdt/core/compiler/ecj/4.3.1/ecj-4.3.1.jar:/Users/lada/.m2/repository/org/reflections/reflections/0.9.9/reflections-0.9.9.jar:/Users/lada/.m2/repository/com/google/code/findbugs/annotations/2.0.1/annotations-2.0.1.jar:/Users/lada/.m2/repository/com/querydsl/querydsl-jpa/4.3.1/querydsl-jpa-4.3.1.jar:/Users/lada/.m2/repository/com/querydsl/querydsl-core/4.3.1/querydsl-core-4.3.1.jar:/Users/lada/.m2/repository/com/google/guava/guava/18.0/guava-18.0.jar:/Users/lada/.m2/repository/com/google/code/findbugs/jsr305/1.3.9/jsr305-1.3.9.jar:/Users/lada/.m2/repository/com/mysema/commons/mysema-commons-lang/0.2.4/mysema-commons-lang-0.2.4.jar:/Users/lada/.m2/repository/com/infradna/tool/bridge-method-annotation/1.13/bridge-method-annotation-1.13.jar:/Users/lada/.m2/repository/javax/inject/javax.inject/1/javax.inject-1.jar:/Users/lada/.m2/repository/org/slf4j/slf4j-api/1.7.30/slf4j-api-1.7.30.jar:/Users/lada/.m2/repository/org/xerial/sqlite-jdbc/3.31.1/sqlite-jdbc-3.31.1.jar:/Users/lada/.m2/repository/org/projectlombok/lombok/1.18.12/lombok-1.18.12.jar:/Users/lada/.m2/repository/org/apache/commons/commons-lang3/3.10/commons-lang3-3.10.jar:/Users/lada/.m2/repository/com/fasterxml/jackson/datatype/jackson-datatype-jsr310/2.11.0/jackson-datatype-jsr310-2.11.0.jar:/Users/lada/.m2/repository/com/fasterxml/jackson/core/jackson-annotations/2.11.0/jackson-annotations-2.11.0.jar:/Users/lada/.m2/repository/com/fasterxml/jackson/core/jackson-core/2.11.0/jackson-core-2.11.0.jar:/Users/lada/.m2/repository/com/fasterxml/jackson/core/jackson-databind/2.11.0/jackson-databind-2.11.0.jar:/Users/lada/.m2/repository/io/springfox/springfox-swagger2/2.10.0/springfox-swagger2-2.10.0.jar:/Users/lada/.m2/repository/io/swagger/swagger-annotations/1.5.20/swagger-annotations-1.5.20.jar:/Users/lada/.m2/repository/io/swagger/swagger-models/1.5.20/swagger-models-1.5.20.jar:/Users/lada/.m2/repository/io/springfox/springfox-spi/2.10.0/springfox-spi-2.10.0.jar:/Users/lada/.m2/repository/io/springfox/springfox-core/2.10.0/springfox-core-2.10.0.jar:/Users/lada/.m2/repository/io/springfox/springfox-schema/2.10.0/springfox-schema-2.10.0.jar:/Users/lada/.m2/repository/io/springfox/springfox-swagger-common/2.10.0/springfox-swagger-common-2.10.0.jar:/Users/lada/.m2/repository/io/springfox/springfox-spring-web/2.10.0/springfox-spring-web-2.10.0.jar:/Users/lada/.m2/repository/io/github/classgraph/classgraph/4.1.7/classgraph-4.1.7.jar:/Users/lada/.m2/repository/com/fasterxml/classmate/1.5.1/classmate-1.5.1.jar:/Users/lada/.m2/repository/org/springframework/plugin/spring-plugin-core/2.0.0.RELEASE/spring-plugin-core-2.0.0.RELEASE.jar:/Users/lada/.m2/repository/org/springframework/plugin/spring-plugin-metadata/2.0.0.RELEASE/spring-plugin-metadata-2.0.0.RELEASE.jar:/Users/lada/.m2/repository/org/mapstruct/mapstruct/1.3.1.Final/mapstruct-1.3.1.Final.jar:/Users/lada/.m2/repository/io/springfox/springfox-data-rest/2.10.0/springfox-data-rest-2.10.0.jar:/Users/lada/.m2/repository/io/springfox/springfox-spring-webmvc/2.10.0/springfox-spring-webmvc-2.10.0.jar:/Users/lada/.m2/repository/org/springframework/hateoas/spring-hateoas/1.1.0.RELEASE/spring-hateoas-1.1.0.RELEASE.jar:/Users/lada/.m2/repository/io/springfox/springfox-swagger-ui/2.10.0/springfox-swagger-ui-2.10.0.jar:/Users/lada/.m2/repository/io/springfox/springfox-bean-validators/2.10.0/springfox-bean-validators-2.10.0.jar:/Users/lada/.m2/repository/io/rest-assured/rest-assured/4.2.0/rest-assured-4.2.0.jar:/Users/lada/.m2/repository/org/codehaus/groovy/groovy/2.5.12/groovy-2.5.12.jar:/Users/lada/.m2/repository/org/codehaus/groovy/groovy-xml/2.5.12/groovy-xml-2.5.12.jar:/Users/lada/.m2/repository/org/apache/httpcomponents/httpclient/4.5.12/httpclient-4.5.12.jar:/Users/lada/.m2/repository/org/apache/httpcomponents/httpcore/4.4.13/httpcore-4.4.13.jar:/Users/lada/.m2/repository/commons-codec/commons-codec/1.14/commons-codec-1.14.jar:/Users/lada/.m2/repository/org/apache/httpcomponents/httpmime/4.5.12/httpmime-4.5.12.jar:/Users/lada/.m2/repository/org/ccil/cowan/tagsoup/tagsoup/1.2.1/tagsoup-1.2.1.jar:/Users/lada/.m2/repository/io/rest-assured/json-path/4.2.0/json-path-4.2.0.jar:/Users/lada/.m2/repository/org/codehaus/groovy/groovy-json/2.5.12/groovy-json-2.5.12.jar:/Users/lada/.m2/repository/io/rest-assured/xml-path/4.2.0/xml-path-4.2.0.jar:/Users/lada/.m2/repository/com/sun/xml/bind/jaxb-osgi/2.3.0.1/jaxb-osgi-2.3.0.1.jar:/Users/lada/.m2/repository/org/apache/sling/org.apache.sling.javax.activation/0.1.0/org.apache.sling.javax.activation-0.1.0.jar:/Users/lada/.m2/repository/javax/activation/activation/1.1.1/activation-1.1.1.jar:/Users/lada/.m2/repository/io/rest-assured/rest-assured-common/4.2.0/rest-assured-common-4.2.0.jar:/Users/lada/.m2/repository/org/hamcrest/hamcrest-library/2.2/hamcrest-library-2.2.jar:/Users/lada/.m2/repository/org/hamcrest/hamcrest-core/2.2/hamcrest-core-2.2.jar:/Users/lada/.m2/repository/org/hamcrest/hamcrest/2.2/hamcrest-2.2.jar:"/>
    <property name="sun.cpu.endian" value="little"/>
    <property name="user.home" value="/Users/lada"/>
    <property name="user.language" value="ru"/>
    <property name="java.specification.vendor" value="Oracle Corporation"/>
    <property name="java.version.date" value="2020-01-14"/>
    <property name="java.home" value="/Library/Java/JavaVirtualMachines/adoptopenjdk-11.jdk/Contents/Home"/>
    <property name="file.separator" value="/"/>
    <property name="basedir" value="/Users/lada/Documents/Dins test"/>
    <property name="java.vm.compressedOopsMode" value="Zero based"/>
    <property name="line.separator" value="&#10;"/>
    <property name="java.specification.name" value="Java Platform API Specification"/>
    <property name="java.vm.specification.vendor" value="Oracle Corporation"/>
    <property name="java.awt.graphicsenv" value="sun.awt.CGraphicsEnvironment"/>
    <property name="surefire.real.class.path" value="/Users/lada/Documents/Dins test/target/surefire/surefirebooter10626146355923038498.jar"/>
    <property name="sun.management.compiler" value="HotSpot 64-Bit Tiered Compilers"/>
    <property name="ftp.nonProxyHosts" value="local|*.local|169.254/16|*.169.254/16"/>
    <property name="java.runtime.version" value="11.0.6+10"/>
    <property name="user.name" value="lada"/>
    <property name="path.separator" value=":"/>
    <property name="os.version" value="10.13.6"/>
    <property name="java.runtime.name" value="OpenJDK Runtime Environment"/>
    <property name="file.encoding" value="UTF-8"/>
    <property name="java.vm.name" value="OpenJDK 64-Bit Server VM"/>
    <property name="java.vendor.version" value="AdoptOpenJDK"/>
    <property name="localRepository" value="/Users/lada/.m2/repository"/>
    <property name="java.vendor.url.bug" value="https://github.com/AdoptOpenJDK/openjdk-support/issues"/>
    <property name="java.io.tmpdir" value="/var/folders/qz/bcwstd313j353z9fcjh7r6d00000gn/T/"/>
    <property name="java.version" value="11.0.6"/>
    <property name="user.dir" value="/Users/lada/Documents/Dins test"/>
    <property name="os.arch" value="x86_64"/>
    <property name="java.vm.specification.name" value="Java Virtual Machine Specification"/>
    <property name="java.awt.printerjob" value="sun.lwawt.macosx.CPrinterJob"/>
    <property name="sun.os.patch.level" value="unknown"/>
    <property name="idea.version2019.3.4" value="true"/>
    <property name="java.library.path" value="/Users/lada/Library/Java/Extensions:/Library/Java/Extensions:/Network/Library/Java/Extensions:/System/Library/Java/Extensions:/usr/lib/java:."/>
    <property name="java.vendor" value="AdoptOpenJDK"/>
    <property name="java.vm.info" value="mixed mode"/>
    <property name="java.vm.version" value="11.0.6+10"/>
    <property name="sun.io.unicode.encoding" value="UnicodeBig"/>
    <property name="java.class.version" value="55.0"/>
    <property name="socksNonProxyHosts" value="local|*.local|169.254/16|*.169.254/16"/>
  </properties>
  <testcase name="shouldCreateNewUser" classname="com.nordigy.testrestapi.RestApiTests" time="5.972">
    <failure message="&#10;Expecting:&#10; &lt;&quot;&quot;Ivan&quot; (TextNode@33fa6a8b)&quot;&gt;&#10;to be equal to:&#10; &lt;&quot;&quot;Ivan&quot; (String@513f8279)&quot;&gt;&#10;but was not." type="org.opentest4j.AssertionFailedError"><![CDATA[org.opentest4j.AssertionFailedError: 

Expecting:
 <""Ivan" (TextNode@33fa6a8b)">
to be equal to:
 <""Ivan" (String@513f8279)">
but was not.
	at com.nordigy.testrestapi.RestApiTests.shouldCreateNewUser(RestApiTests.java:62)
]]></failure>
    <system-out><![CDATA[00:48:11.046 [main] DEBUG org.springframework.test.context.BootstrapUtils - Instantiating CacheAwareContextLoaderDelegate from class [org.springframework.test.context.cache.DefaultCacheAwareContextLoaderDelegate]
00:48:11.073 [main] DEBUG org.springframework.test.context.BootstrapUtils - Instantiating BootstrapContext using constructor [public org.springframework.test.context.support.DefaultBootstrapContext(java.lang.Class,org.springframework.test.context.CacheAwareContextLoaderDelegate)]
00:48:11.141 [main] DEBUG org.springframework.test.context.BootstrapUtils - Instantiating TestContextBootstrapper for test class [com.nordigy.testrestapi.RestApiTests] from class [org.springframework.boot.test.context.SpringBootTestContextBootstrapper]
00:48:11.201 [main] INFO org.springframework.boot.test.context.SpringBootTestContextBootstrapper - Neither @ContextConfiguration nor @ContextHierarchy found for test class [com.nordigy.testrestapi.RestApiTests], using SpringBootContextLoader
00:48:11.210 [main] DEBUG org.springframework.test.context.support.AbstractContextLoader - Did not detect default resource location for test class [com.nordigy.testrestapi.RestApiTests]: class path resource [com/nordigy/testrestapi/RestApiTests-context.xml] does not exist
00:48:11.212 [main] DEBUG org.springframework.test.context.support.AbstractContextLoader - Did not detect default resource location for test class [com.nordigy.testrestapi.RestApiTests]: class path resource [com/nordigy/testrestapi/RestApiTestsContext.groovy] does not exist
00:48:11.214 [main] INFO org.springframework.test.context.support.AbstractContextLoader - Could not detect default resource locations for test class [com.nordigy.testrestapi.RestApiTests]: no resource found for suffixes {-context.xml, Context.groovy}.
00:48:11.218 [main] INFO org.springframework.test.context.support.AnnotationConfigContextLoaderUtils - Could not detect default configuration classes for test class [com.nordigy.testrestapi.RestApiTests]: RestApiTests does not declare any static, non-private, non-final, nested classes annotated with @Configuration.
00:48:11.364 [main] DEBUG org.springframework.test.context.support.ActiveProfilesUtils - Could not find an 'annotation declaring class' for annotation type [org.springframework.test.context.ActiveProfiles] and class [com.nordigy.testrestapi.RestApiTests]
00:48:11.509 [main] DEBUG org.springframework.context.annotation.ClassPathScanningCandidateComponentProvider - Identified candidate component class: file [/Users/lada/Documents/Dins test/target/classes/com/nordigy/testrestapi/TestRestApiApplication.class]
00:48:11.512 [main] INFO org.springframework.boot.test.context.SpringBootTestContextBootstrapper - Found @SpringBootConfiguration com.nordigy.testrestapi.TestRestApiApplication for test class com.nordigy.testrestapi.RestApiTests
00:48:11.776 [main] DEBUG org.springframework.boot.test.context.SpringBootTestContextBootstrapper - @TestExecutionListeners is not present for class [com.nordigy.testrestapi.RestApiTests]: using defaults.
00:48:11.779 [main] INFO org.springframework.boot.test.context.SpringBootTestContextBootstrapper - Loaded default TestExecutionListener class names from location [META-INF/spring.factories]: [org.springframework.boot.test.mock.mockito.MockitoTestExecutionListener, org.springframework.boot.test.mock.mockito.ResetMocksTestExecutionListener, org.springframework.boot.test.autoconfigure.restdocs.RestDocsTestExecutionListener, org.springframework.boot.test.autoconfigure.web.client.MockRestServiceServerResetTestExecutionListener, org.springframework.boot.test.autoconfigure.web.servlet.MockMvcPrintOnlyOnFailureTestExecutionListener, org.springframework.boot.test.autoconfigure.web.servlet.WebDriverTestExecutionListener, org.springframework.boot.test.autoconfigure.webservices.client.MockWebServiceServerTestExecutionListener, org.springframework.test.context.web.ServletTestExecutionListener, org.springframework.test.context.support.DirtiesContextBeforeModesTestExecutionListener, org.springframework.test.context.support.DependencyInjectionTestExecutionListener, org.springframework.test.context.support.DirtiesContextTestExecutionListener, org.springframework.test.context.transaction.TransactionalTestExecutionListener, org.springframework.test.context.jdbc.SqlScriptsTestExecutionListener, org.springframework.test.context.event.EventPublishingTestExecutionListener]
00:48:11.835 [main] INFO org.springframework.boot.test.context.SpringBootTestContextBootstrapper - Using TestExecutionListeners: [org.springframework.test.context.web.ServletTestExecutionListener@5c8504fd, org.springframework.test.context.support.DirtiesContextBeforeModesTestExecutionListener@4b7e96a, org.springframework.boot.test.mock.mockito.MockitoTestExecutionListener@6475472c, org.springframework.boot.test.autoconfigure.SpringBootDependencyInjectionTestExecutionListener@3f07b12c, org.springframework.test.context.support.DirtiesContextTestExecutionListener@4bd1f8dd, org.springframework.test.context.transaction.TransactionalTestExecutionListener@7096b474, org.springframework.test.context.jdbc.SqlScriptsTestExecutionListener@3e14c16d, org.springframework.test.context.event.EventPublishingTestExecutionListener@3c989952, org.springframework.boot.test.mock.mockito.ResetMocksTestExecutionListener@784b990c, org.springframework.boot.test.autoconfigure.restdocs.RestDocsTestExecutionListener@3d3ba765, org.springframework.boot.test.autoconfigure.web.client.MockRestServiceServerResetTestExecutionListener@25bc0606, org.springframework.boot.test.autoconfigure.web.servlet.MockMvcPrintOnlyOnFailureTestExecutionListener@5d1659ea, org.springframework.boot.test.autoconfigure.web.servlet.WebDriverTestExecutionListener@793138bd, org.springframework.boot.test.autoconfigure.webservices.client.MockWebServiceServerTestExecutionListener@1951b871]
00:48:11.845 [main] DEBUG org.springframework.test.context.support.AbstractDirtiesContextTestExecutionListener - Before test class: context [DefaultTestContext@5c153b9e testClass = RestApiTests, testInstance = [null], testMethod = [null], testException = [null], mergedContextConfiguration = [WebMergedContextConfiguration@2a7686a7 testClass = RestApiTests, locations = '{}', classes = '{class com.nordigy.testrestapi.TestRestApiApplication}', contextInitializerClasses = '[]', activeProfiles = '{}', propertySourceLocations = '{}', propertySourceProperties = '{org.springframework.boot.test.context.SpringBootTestContextBootstrapper=true, server.port=0}', contextCustomizers = set[org.springframework.boot.test.context.filter.ExcludeFilterContextCustomizer@1c39680d, org.springframework.boot.test.json.DuplicateJsonObjectContextCustomizerFactory$DuplicateJsonObjectContextCustomizer@a37aefe, org.springframework.boot.test.mock.mockito.MockitoContextCustomizer@0, org.springframework.boot.test.web.client.TestRestTemplateContextCustomizer@f14a7d4, org.springframework.boot.test.autoconfigure.properties.PropertyMappingContextCustomizer@0, org.springframework.boot.test.autoconfigure.web.servlet.WebDriverContextCustomizerFactory$Customizer@2a3888c1, org.springframework.boot.test.context.SpringBootTestArgs@1], resourceBasePath = 'src/main/webapp', contextLoader = 'org.springframework.boot.test.context.SpringBootContextLoader', parent = [null]], attributes = map['org.springframework.test.context.web.ServletTestExecutionListener.activateListener' -> false]], class annotated with @DirtiesContext [true] with mode [BEFORE_EACH_TEST_METHOD].
00:48:11.884 [main] DEBUG org.springframework.test.context.support.DependencyInjectionTestExecutionListener - Performing dependency injection for test context [[DefaultTestContext@5c153b9e testClass = RestApiTests, testInstance = com.nordigy.testrestapi.RestApiTests@1021f6c9, testMethod = [null], testException = [null], mergedContextConfiguration = [WebMergedContextConfiguration@2a7686a7 testClass = RestApiTests, locations = '{}', classes = '{class com.nordigy.testrestapi.TestRestApiApplication}', contextInitializerClasses = '[]', activeProfiles = '{}', propertySourceLocations = '{}', propertySourceProperties = '{org.springframework.boot.test.context.SpringBootTestContextBootstrapper=true, server.port=0}', contextCustomizers = set[org.springframework.boot.test.context.filter.ExcludeFilterContextCustomizer@1c39680d, org.springframework.boot.test.json.DuplicateJsonObjectContextCustomizerFactory$DuplicateJsonObjectContextCustomizer@a37aefe, org.springframework.boot.test.mock.mockito.MockitoContextCustomizer@0, org.springframework.boot.test.web.client.TestRestTemplateContextCustomizer@f14a7d4, org.springframework.boot.test.autoconfigure.properties.PropertyMappingContextCustomizer@0, org.springframework.boot.test.autoconfigure.web.servlet.WebDriverContextCustomizerFactory$Customizer@2a3888c1, org.springframework.boot.test.context.SpringBootTestArgs@1], resourceBasePath = 'src/main/webapp', contextLoader = 'org.springframework.boot.test.context.SpringBootContextLoader', parent = [null]], attributes = map['org.springframework.test.context.web.ServletTestExecutionListener.activateListener' -> false]]].
00:48:11.954 [main] DEBUG org.springframework.test.context.support.TestPropertySourceUtils - Adding inlined properties to environment: {spring.jmx.enabled=false, org.springframework.boot.test.context.SpringBootTestContextBootstrapper=true, server.port=0}

  .   ____          _            __ _ _
 /\\ / ___'_ __ _ _(_)_ __  __ _ \ \ \ \
( ( )\___ | '_ | '_| | '_ \/ _` | \ \ \ \
 \\/  ___)| |_)| | | | | || (_| |  ) ) ) )
  '  |____| .__|_| |_|_| |_\__, | / / / /
 =========|_|==============|___/=/_/_/_/
 :: Spring Boot ::        (v2.3.1.RELEASE)

2020-08-01 00:48:13.041  INFO 36745 --- [           main] com.nordigy.testrestapi.RestApiTests     : Starting RestApiTests on MacBook-Air-lada.local with PID 36745 (started by lada in /Users/lada/Documents/Dins test)
2020-08-01 00:48:13.044  INFO 36745 --- [           main] com.nordigy.testrestapi.RestApiTests     : No active profile set, falling back to default profiles: default
2020-08-01 00:48:15.809  INFO 36745 --- [           main] .s.d.r.c.RepositoryConfigurationDelegate : Bootstrapping Spring Data JPA repositories in DEFERRED mode.
2020-08-01 00:48:15.951  INFO 36745 --- [           main] .s.d.r.c.RepositoryConfigurationDelegate : Finished Spring Data repository scanning in 115ms. Found 1 JPA repository interfaces.
2020-08-01 00:48:17.661  INFO 36745 --- [           main] o.s.b.w.embedded.tomcat.TomcatWebServer  : Tomcat initialized with port(s): 0 (http)
2020-08-01 00:48:17.685  INFO 36745 --- [           main] o.apache.catalina.core.StandardService   : Starting service [Tomcat]
2020-08-01 00:48:17.686  INFO 36745 --- [           main] org.apache.catalina.core.StandardEngine  : Starting Servlet engine: [Apache Tomcat/9.0.36]
2020-08-01 00:48:17.907  INFO 36745 --- [           main] o.a.c.c.C.[Tomcat].[localhost].[/]       : Initializing Spring embedded WebApplicationContext
2020-08-01 00:48:17.907  INFO 36745 --- [           main] w.s.c.ServletWebServerApplicationContext : Root WebApplicationContext: initialization completed in 4202 ms
2020-08-01 00:48:18.357  INFO 36745 --- [           main] o.s.s.concurrent.ThreadPoolTaskExecutor  : Initializing ExecutorService 'applicationTaskExecutor'
2020-08-01 00:48:18.378  INFO 36745 --- [           main] com.zaxxer.hikari.HikariDataSource       : HikariPool-1 - Starting...
2020-08-01 00:48:18.855  INFO 36745 --- [           main] com.zaxxer.hikari.HikariDataSource       : HikariPool-1 - Start completed.
2020-08-01 00:48:18.997  INFO 36745 --- [         task-1] o.hibernate.jpa.internal.util.LogHelper  : HHH000204: Processing PersistenceUnitInfo [name: default]
2020-08-01 00:48:19.161  INFO 36745 --- [         task-1] org.hibernate.Version                    : HHH000412: Hibernate ORM core version 5.4.17.Final
2020-08-01 00:48:19.683  INFO 36745 --- [         task-1] o.hibernate.annotations.common.Version   : HCANN000001: Hibernate Commons Annotations {5.1.0.Final}
2020-08-01 00:48:19.744  WARN 36745 --- [           main] JpaBaseConfiguration$JpaWebConfiguration : spring.jpa.open-in-view is enabled by default. Therefore, database queries may be performed during view rendering. Explicitly configure spring.jpa.open-in-view to disable this warning
2020-08-01 00:48:20.068  INFO 36745 --- [         task-1] org.hibernate.dialect.Dialect            : HHH000400: Using dialect: org.hibernate.dialect.H2Dialect
2020-08-01 00:48:21.841  INFO 36745 --- [         task-1] o.h.e.t.j.p.i.JtaPlatformInitiator       : HHH000490: Using JtaPlatform implementation: [org.hibernate.engine.transaction.jta.platform.internal.NoJtaPlatform]
2020-08-01 00:48:21.855  INFO 36745 --- [         task-1] j.LocalContainerEntityManagerFactoryBean : Initialized JPA EntityManagerFactory for persistence unit 'default'
2020-08-01 00:48:23.283  INFO 36745 --- [           main] pertySourcedRequestMappingHandlerMapping : Mapped URL path [/v2/api-docs] onto method [springfox.documentation.swagger2.web.Swagger2ControllerWebMvc#getDocumentation(String, HttpServletRequest)]
2020-08-01 00:48:24.981  INFO 36745 --- [           main] o.s.b.w.embedded.tomcat.TomcatWebServer  : Tomcat started on port(s): 51629 (http) with context path ''
2020-08-01 00:48:24.982  INFO 36745 --- [           main] d.s.w.p.DocumentationPluginsBootstrapper : Documentation plugins bootstrapped
2020-08-01 00:48:24.989  INFO 36745 --- [           main] d.s.w.p.DocumentationPluginsBootstrapper : Found 1 custom documentation plugin(s)
2020-08-01 00:48:25.282  INFO 36745 --- [           main] s.d.s.w.s.ApiListingReferenceScanner     : Scanning for api listing references
2020-08-01 00:48:25.605  INFO 36745 --- [           main] DeferredRepositoryInitializationListener : Triggering deferred initialization of Spring Data repositories…
2020-08-01 00:48:25.606  INFO 36745 --- [           main] DeferredRepositoryInitializationListener : Spring Data repositories initialized!
2020-08-01 00:48:25.630  INFO 36745 --- [           main] com.nordigy.testrestapi.RestApiTests     : Started RestApiTests in 13.662 seconds (JVM running for 16.406)
2020-08-01 00:48:26.279  INFO 36745 --- [           main] c.n.testrestapi.init.DataInitializer     : User(id=1, firstName=Mark, lastName=Roach, email=workingemail-1@gmail.com, dayOfBirth=1935-08-01)
2020-08-01 00:48:26.279  INFO 36745 --- [           main] c.n.testrestapi.init.DataInitializer     : User(id=2, firstName=Robert, lastName=Roach, email=workingemail-2@gmail.com, dayOfBirth=1955-08-01)
2020-08-01 00:48:26.280  INFO 36745 --- [           main] c.n.testrestapi.init.DataInitializer     : User(id=3, firstName=Nataly, lastName=Smith, email=workingemail-3@gmail.com, dayOfBirth=1980-08-01)
2020-08-01 00:48:26.280  INFO 36745 --- [           main] c.n.testrestapi.init.DataInitializer     : User(id=4, firstName=John, lastName=Erickson, email=workingemail-4@gmail.com, dayOfBirth=1976-08-01)
2020-08-01 00:48:26.280  INFO 36745 --- [           main] c.n.testrestapi.init.DataInitializer     : User(id=5, firstName=John, lastName=Doe, email=workingemail-5@gmail.com, dayOfBirth=1969-08-01)
2020-08-01 00:48:26.280  INFO 36745 --- [           main] c.n.testrestapi.init.DataInitializer     : User(id=6, firstName=John, lastName=Erickson, email=workingemail-6@gmail.com, dayOfBirth=1932-08-01)
2020-08-01 00:48:26.280  INFO 36745 --- [           main] c.n.testrestapi.init.DataInitializer     : User(id=7, firstName=Mary, lastName=Doe, email=workingemail-7@gmail.com, dayOfBirth=1990-08-01)
2020-08-01 00:48:26.281  INFO 36745 --- [           main] c.n.testrestapi.init.DataInitializer     : User(id=8, firstName=Mark, lastName=Doe, email=workingemail-8@gmail.com, dayOfBirth=1991-08-01)
2020-08-01 00:48:26.281  INFO 36745 --- [           main] c.n.testrestapi.init.DataInitializer     : User(id=9, firstName=John, lastName=Roach, email=workingemail-9@gmail.com, dayOfBirth=1992-08-01)
2020-08-01 00:48:26.281  INFO 36745 --- [           main] c.n.testrestapi.init.DataInitializer     : User(id=10, firstName=John, lastName=Portman, email=workingemail-10@gmail.com, dayOfBirth=1983-08-01)
2020-08-01 00:48:26.287  INFO 36745 --- [           main] c.n.testrestapi.init.DataInitializer     : User(id=11, firstName=Nataly, lastName=Roach, email=workingemail-11@gmail.com, dayOfBirth=1995-08-01)
2020-08-01 00:48:26.288  INFO 36745 --- [           main] c.n.testrestapi.init.DataInitializer     : User(id=12, firstName=Nataly, lastName=Erickson, email=workingemail-12@gmail.com, dayOfBirth=1938-08-01)
2020-08-01 00:48:26.288  INFO 36745 --- [           main] c.n.testrestapi.init.DataInitializer     : User(id=13, firstName=Mary, lastName=Portman, email=workingemail-13@gmail.com, dayOfBirth=1994-08-01)
2020-08-01 00:48:26.288  INFO 36745 --- [           main] c.n.testrestapi.init.DataInitializer     : User(id=14, firstName=Mark, lastName=Portman, email=workingemail-14@gmail.com, dayOfBirth=1983-08-01)
2020-08-01 00:48:26.289  INFO 36745 --- [           main] c.n.testrestapi.init.DataInitializer     : User(id=15, firstName=Robert, lastName=Portman, email=workingemail-15@gmail.com, dayOfBirth=1941-08-01)
2020-08-01 00:48:26.289  INFO 36745 --- [           main] c.n.testrestapi.init.DataInitializer     : User(id=16, firstName=Alex, lastName=Portman, email=workingemail-16@gmail.com, dayOfBirth=1990-08-01)
2020-08-01 00:48:26.289  INFO 36745 --- [           main] c.n.testrestapi.init.DataInitializer     : User(id=17, firstName=Nataly, lastName=Smith, email=workingemail-17@gmail.com, dayOfBirth=1940-08-01)
2020-08-01 00:48:26.289  INFO 36745 --- [           main] c.n.testrestapi.init.DataInitializer     : User(id=18, firstName=Alex, lastName=Portman, email=workingemail-18@gmail.com, dayOfBirth=1970-08-01)
2020-08-01 00:48:26.289  INFO 36745 --- [           main] c.n.testrestapi.init.DataInitializer     : User(id=19, firstName=Mary, lastName=Portman, email=workingemail-19@gmail.com, dayOfBirth=1973-08-01)
2020-08-01 00:48:26.290  INFO 36745 --- [           main] c.n.testrestapi.init.DataInitializer     : User(id=20, firstName=Robert, lastName=Roach, email=workingemail-20@gmail.com, dayOfBirth=1947-08-01)
2020-08-01 00:48:26.800  INFO 36745 --- [           main] j.LocalContainerEntityManagerFactoryBean : Closing JPA EntityManagerFactory for persistence unit 'default'
2020-08-01 00:48:26.801  INFO 36745 --- [           main] .SchemaDropperImpl$DelayedDropActionImpl : HHH000477: Starting delayed evictData of schema as part of SessionFactory shut-down'
2020-08-01 00:48:26.814  INFO 36745 --- [           main] o.s.s.concurrent.ThreadPoolTaskExecutor  : Shutting down ExecutorService 'applicationTaskExecutor'
2020-08-01 00:48:26.815  INFO 36745 --- [           main] com.zaxxer.hikari.HikariDataSource       : HikariPool-1 - Shutdown initiated...
2020-08-01 00:48:26.820  INFO 36745 --- [           main] com.zaxxer.hikari.HikariDataSource       : HikariPool-1 - Shutdown completed.

  .   ____          _            __ _ _
 /\\ / ___'_ __ _ _(_)_ __  __ _ \ \ \ \
( ( )\___ | '_ | '_| | '_ \/ _` | \ \ \ \
 \\/  ___)| |_)| | | | | || (_| |  ) ) ) )
  '  |____| .__|_| |_|_| |_\__, | / / / /
 =========|_|==============|___/=/_/_/_/
 :: Spring Boot ::        (v2.3.1.RELEASE)

2020-08-01 00:48:26.875  INFO 36745 --- [           main] com.nordigy.testrestapi.RestApiTests     : Starting RestApiTests on MacBook-Air-lada.local with PID 36745 (started by lada in /Users/lada/Documents/Dins test)
2020-08-01 00:48:26.876  INFO 36745 --- [           main] com.nordigy.testrestapi.RestApiTests     : No active profile set, falling back to default profiles: default
2020-08-01 00:48:27.628  INFO 36745 --- [           main] .s.d.r.c.RepositoryConfigurationDelegate : Bootstrapping Spring Data JPA repositories in DEFERRED mode.
2020-08-01 00:48:27.645  INFO 36745 --- [           main] .s.d.r.c.RepositoryConfigurationDelegate : Finished Spring Data repository scanning in 16ms. Found 1 JPA repository interfaces.
2020-08-01 00:48:28.004  INFO 36745 --- [           main] o.s.b.w.embedded.tomcat.TomcatWebServer  : Tomcat initialized with port(s): 0 (http)
2020-08-01 00:48:28.006  INFO 36745 --- [           main] o.apache.catalina.core.StandardService   : Starting service [Tomcat]
2020-08-01 00:48:28.006  INFO 36745 --- [           main] org.apache.catalina.core.StandardEngine  : Starting Servlet engine: [Apache Tomcat/9.0.36]
2020-08-01 00:48:28.040  INFO 36745 --- [           main] o.a.c.c.C.[Tomcat].[localhost].[/]       : Initializing Spring embedded WebApplicationContext
2020-08-01 00:48:28.040  INFO 36745 --- [           main] w.s.c.ServletWebServerApplicationContext : Root WebApplicationContext: initialization completed in 1158 ms
2020-08-01 00:48:28.196  INFO 36745 --- [           main] o.s.s.concurrent.ThreadPoolTaskExecutor  : Initializing ExecutorService 'applicationTaskExecutor'
2020-08-01 00:48:28.202  INFO 36745 --- [           main] com.zaxxer.hikari.HikariDataSource       : HikariPool-2 - Starting...
2020-08-01 00:48:28.208  INFO 36745 --- [           main] com.zaxxer.hikari.HikariDataSource       : HikariPool-2 - Start completed.
2020-08-01 00:48:28.227  INFO 36745 --- [         task-1] o.hibernate.jpa.internal.util.LogHelper  : HHH000204: Processing PersistenceUnitInfo [name: default]
2020-08-01 00:48:28.242  INFO 36745 --- [         task-1] org.hibernate.dialect.Dialect            : HHH000400: Using dialect: org.hibernate.dialect.H2Dialect
2020-08-01 00:48:28.349  INFO 36745 --- [         task-1] o.h.e.t.j.p.i.JtaPlatformInitiator       : HHH000490: Using JtaPlatform implementation: [org.hibernate.engine.transaction.jta.platform.internal.NoJtaPlatform]
2020-08-01 00:48:28.352  INFO 36745 --- [         task-1] j.LocalContainerEntityManagerFactoryBean : Initialized JPA EntityManagerFactory for persistence unit 'default'
2020-08-01 00:48:28.681  WARN 36745 --- [           main] JpaBaseConfiguration$JpaWebConfiguration : spring.jpa.open-in-view is enabled by default. Therefore, database queries may be performed during view rendering. Explicitly configure spring.jpa.open-in-view to disable this warning
2020-08-01 00:48:29.207  INFO 36745 --- [           main] pertySourcedRequestMappingHandlerMapping : Mapped URL path [/v2/api-docs] onto method [springfox.documentation.swagger2.web.Swagger2ControllerWebMvc#getDocumentation(String, HttpServletRequest)]
2020-08-01 00:48:29.709  INFO 36745 --- [           main] o.s.b.w.embedded.tomcat.TomcatWebServer  : Tomcat started on port(s): 51632 (http) with context path ''
2020-08-01 00:48:29.710  INFO 36745 --- [           main] d.s.w.p.DocumentationPluginsBootstrapper : Documentation plugins bootstrapped
2020-08-01 00:48:29.712  INFO 36745 --- [           main] d.s.w.p.DocumentationPluginsBootstrapper : Found 1 custom documentation plugin(s)
2020-08-01 00:48:29.754  INFO 36745 --- [           main] s.d.s.w.s.ApiListingReferenceScanner     : Scanning for api listing references
2020-08-01 00:48:29.862  INFO 36745 --- [           main] DeferredRepositoryInitializationListener : Triggering deferred initialization of Spring Data repositories…
2020-08-01 00:48:29.862  INFO 36745 --- [           main] DeferredRepositoryInitializationListener : Spring Data repositories initialized!
2020-08-01 00:48:29.867  INFO 36745 --- [           main] com.nordigy.testrestapi.RestApiTests     : Started RestApiTests in 3.041 seconds (JVM running for 20.643)
2020-08-01 00:48:29.966  INFO 36745 --- [           main] c.n.testrestapi.init.DataInitializer     : User(id=1, firstName=Robert, lastName=Smith, email=workingemail-1@gmail.com, dayOfBirth=1996-08-01)
2020-08-01 00:48:29.967  INFO 36745 --- [           main] c.n.testrestapi.init.DataInitializer     : User(id=2, firstName=John, lastName=Smith, email=workingemail-2@gmail.com, dayOfBirth=1997-08-01)
2020-08-01 00:48:29.967  INFO 36745 --- [           main] c.n.testrestapi.init.DataInitializer     : User(id=3, firstName=Mark, lastName=Roach, email=workingemail-3@gmail.com, dayOfBirth=1957-08-01)
2020-08-01 00:48:29.967  INFO 36745 --- [           main] c.n.testrestapi.init.DataInitializer     : User(id=4, firstName=John, lastName=Erickson, email=workingemail-4@gmail.com, dayOfBirth=1987-08-01)
2020-08-01 00:48:29.967  INFO 36745 --- [           main] c.n.testrestapi.init.DataInitializer     : User(id=5, firstName=Alex, lastName=Doe, email=workingemail-5@gmail.com, dayOfBirth=1962-08-01)
2020-08-01 00:48:29.967  INFO 36745 --- [           main] c.n.testrestapi.init.DataInitializer     : User(id=6, firstName=Mark, lastName=Erickson, email=workingemail-6@gmail.com, dayOfBirth=1931-08-01)
2020-08-01 00:48:29.967  INFO 36745 --- [           main] c.n.testrestapi.init.DataInitializer     : User(id=7, firstName=Mary, lastName=Portman, email=workingemail-7@gmail.com, dayOfBirth=1943-08-01)
2020-08-01 00:48:29.967  INFO 36745 --- [           main] c.n.testrestapi.init.DataInitializer     : User(id=8, firstName=Nataly, lastName=Portman, email=workingemail-8@gmail.com, dayOfBirth=1942-08-01)
2020-08-01 00:48:29.967  INFO 36745 --- [           main] c.n.testrestapi.init.DataInitializer     : User(id=9, firstName=Mark, lastName=Erickson, email=workingemail-9@gmail.com, dayOfBirth=1941-08-01)
2020-08-01 00:48:29.967  INFO 36745 --- [           main] c.n.testrestapi.init.DataInitializer     : User(id=10, firstName=John, lastName=Li, email=workingemail-10@gmail.com, dayOfBirth=1953-08-01)
2020-08-01 00:48:29.967  INFO 36745 --- [           main] c.n.testrestapi.init.DataInitializer     : User(id=11, firstName=Nataly, lastName=Li, email=workingemail-11@gmail.com, dayOfBirth=2000-08-01)
2020-08-01 00:48:29.968  INFO 36745 --- [           main] c.n.testrestapi.init.DataInitializer     : User(id=12, firstName=Mary, lastName=Roach, email=workingemail-12@gmail.com, dayOfBirth=1996-08-01)
2020-08-01 00:48:29.968  INFO 36745 --- [           main] c.n.testrestapi.init.DataInitializer     : User(id=13, firstName=Mark, lastName=Portman, email=workingemail-13@gmail.com, dayOfBirth=1994-08-01)
2020-08-01 00:48:29.968  INFO 36745 --- [           main] c.n.testrestapi.init.DataInitializer     : User(id=14, firstName=Alex, lastName=Erickson, email=workingemail-14@gmail.com, dayOfBirth=1932-08-01)
2020-08-01 00:48:29.968  INFO 36745 --- [           main] c.n.testrestapi.init.DataInitializer     : User(id=15, firstName=Mary, lastName=Erickson, email=workingemail-15@gmail.com, dayOfBirth=1982-08-01)
2020-08-01 00:48:29.968  INFO 36745 --- [           main] c.n.testrestapi.init.DataInitializer     : User(id=16, firstName=Alex, lastName=Portman, email=workingemail-16@gmail.com, dayOfBirth=1990-08-01)
2020-08-01 00:48:29.968  INFO 36745 --- [           main] c.n.testrestapi.init.DataInitializer     : User(id=17, firstName=Robert, lastName=Doe, email=workingemail-17@gmail.com, dayOfBirth=1933-08-01)
2020-08-01 00:48:29.969  INFO 36745 --- [           main] c.n.testrestapi.init.DataInitializer     : User(id=18, firstName=Mark, lastName=Doe, email=workingemail-18@gmail.com, dayOfBirth=1978-08-01)
2020-08-01 00:48:29.970  INFO 36745 --- [           main] c.n.testrestapi.init.DataInitializer     : User(id=19, firstName=Nataly, lastName=Doe, email=workingemail-19@gmail.com, dayOfBirth=1998-08-01)
2020-08-01 00:48:29.970  INFO 36745 --- [           main] c.n.testrestapi.init.DataInitializer     : User(id=20, firstName=Nataly, lastName=Li, email=workingemail-20@gmail.com, dayOfBirth=1979-08-01)
Request method:	POST
Request URI:	http://localhost:51632/api/users
Proxy:			<none>
Request params:	<none>
Query params:	<none>
Form params:	<none>
Path params:	<none>
Headers:		Accept=*/*
				Content-Type=application/json; charset=UTF-8
Cookies:		<none>
Multiparts:		<none>
Body:
{
    "firstName": "Ivan",
    "lastName": "Ivanov",
    "dayOfBirth": "2000-01-01",
    "email": "asdas@asdas.tr"
}
2020-08-01 00:48:31.862  INFO 36745 --- [o-auto-2-exec-1] o.a.c.c.C.[Tomcat].[localhost].[/]       : Initializing Spring DispatcherServlet 'dispatcherServlet'
2020-08-01 00:48:31.862  INFO 36745 --- [o-auto-2-exec-1] o.s.web.servlet.DispatcherServlet        : Initializing Servlet 'dispatcherServlet'
2020-08-01 00:48:31.891  INFO 36745 --- [o-auto-2-exec-1] o.s.web.servlet.DispatcherServlet        : Completed initialization in 29 ms
]]></system-out>
  </testcase>
  <testcase name="shouldReturnCorrectUsersListSize" classname="com.nordigy.testrestapi.RestApiTests" time="3.706"/>
</testsuite>